#
# There is insufficient memory for the Java Runtime Environment to continue.
# Native memory allocation (malloc) failed to allocate 1371936 bytes for Chunk::new
# Possible reasons:
#   The system is out of physical RAM or swap space
#   The process is running with CompressedOops enabled, and the Java Heap may be blocking the growth of the native heap
# Possible solutions:
#   Reduce memory load on the system
#   Increase physical memory or swap space
#   Check if swap backing store is full
#   Decrease Java heap size (-Xmx/-Xms)
#   Decrease number of Java threads
#   Decrease Java thread stack sizes (-Xss)
#   Set larger code cache with -XX:ReservedCodeCacheSize=
#   JVM is running with Zero Based Compressed Oops mode in which the Java heap is
#     placed in the first 32GB address space. The Java Heap base address is the
#     maximum limit for the native heap growth. Please use -XX:HeapBaseMinAddress
#     to set the Java Heap base and to place the Java Heap above 32GB virtual address.
# This output file may be truncated or incomplete.
#
#  Out of Memory Error (arena.cpp:189), pid=31940, tid=21768
#
# JRE version: Java(TM) SE Runtime Environment (17.0.12+8) (build 17.0.12+8-LTS-286)
# Java VM: Java HotSpot(TM) 64-Bit Server VM (17.0.12+8-LTS-286, mixed mode, sharing, tiered, compressed oops, compressed class ptrs, g1 gc, windows-amd64)
# No core dump will be written. Minidumps are not enabled by default on client versions of Windows
#

---------------  S U M M A R Y ------------

Command Line: --add-opens=java.base/java.lang=ALL-UNNAMED --add-opens=java.base/java.lang.invoke=ALL-UNNAMED --add-opens=java.base/java.util=ALL-UNNAMED --add-opens=java.prefs/java.util.prefs=ALL-UNNAMED --add-exports=jdk.compiler/com.sun.tools.javac.api=ALL-UNNAMED --add-exports=jdk.compiler/com.sun.tools.javac.util=ALL-UNNAMED --add-opens=java.base/java.util=ALL-UNNAMED --add-opens=java.prefs/java.util.prefs=ALL-UNNAMED --add-opens=java.base/java.nio.charset=ALL-UNNAMED --add-opens=java.base/java.net=ALL-UNNAMED --add-opens=java.base/java.util.concurrent.atomic=ALL-UNNAMED --add-opens=java.xml/javax.xml.namespace=ALL-UNNAMED -Xmx4096M -Dfile.encoding=UTF-8 -Duser.country=US -Duser.language=en -Duser.variant -javaagent:C:\Users\NhuQuynh\.gradle\wrapper\dists\gradle-8.14.3-bin\cv11ve7ro1n3o1j4so8xd9n66\gradle-8.14.3\lib\agents\gradle-instrumentation-agent-8.14.3.jar org.gradle.launcher.daemon.bootstrap.GradleDaemon 8.14.3

Host: 11th Gen Intel(R) Core(TM) i5-1155G7 @ 2.50GHz, 8 cores, 23G,  Windows 11 , 64 bit Build 26100 (10.0.26100.7309)
Time: Sat Jan 10 14:01:42 2026 SE Asia Standard Time elapsed time: 90.568083 seconds (0d 0h 1m 30s)

---------------  T H R E A D  ---------------

Current thread (0x0000027a30736660):  JavaThread "C2 CompilerThread0" daemon [_thread_in_native, id=21768, stack(0x000000f116500000,0x000000f116600000)]


Current CompileTask:
C2:  90568 19286       4       org.gradle.api.internal.file.copy.DuplicateHandlingCopyActionDecorator$$Lambda$3202/0x0000027a3353bf50::processFile (17 bytes)

Stack: [0x000000f116500000,0x000000f116600000]
Native frames: (J=compiled Java code, j=interpreted, Vv=VM code, C=native code)
V  [jvm.dll+0x67a04a]
V  [jvm.dll+0x7da4ed]
V  [jvm.dll+0x7dbe33]
V  [jvm.dll+0x7dc4a3]
V  [jvm.dll+0x24508f]
V  [jvm.dll+0xab773]
V  [jvm.dll+0xabd3c]
V  [jvm.dll+0x361bee]
V  [jvm.dll+0x1ba45a]
V  [jvm.dll+0x216997]
V  [jvm.dll+0x215c6f]
V  [jvm.dll+0x1a2960]
V  [jvm.dll+0x22610b]
V  [jvm.dll+0x2242ab]
V  [jvm.dll+0x79075c]
V  [jvm.dll+0x78abea]
V  [jvm.dll+0x678f35]
C  [ucrtbase.dll+0x37b0]
C  [KERNEL32.DLL+0x2e8d7]
C  [ntdll.dll+0x8c53c]


---------------  P R O C E S S  ---------------

Threads class SMR info:
_java_thread_list=0x0000027a797bd960, length=103, elements={
0x0000027a0d8fb550, 0x0000027a3071d260, 0x0000027a3071e6a0, 0x0000027a30732910,
0x0000027a307331e0, 0x0000027a30733ab0, 0x0000027a30734380, 0x0000027a30736660,
0x0000027a30741bb0, 0x0000027a3074a4d0, 0x0000027a308cd6c0, 0x0000027a308cc790,
0x0000027a308cf010, 0x0000027a308cc280, 0x0000027a308ce0e0, 0x0000027a308ce5f0,
0x0000027a308ccca0, 0x0000027a308ceb00, 0x0000027a308cd1b0, 0x0000027a308cbd70,
0x0000027a308cf520, 0x0000027a76df3ab0, 0x0000027a76df3fc0, 0x0000027a76df6840,
0x0000027a76df5e20, 0x0000027a76df4ef0, 0x0000027a76df5400, 0x0000027a76df6d50,
0x0000027a76df7260, 0x0000027a76df7770, 0x0000027a76df5910, 0x0000027a76df7c80,
0x0000027a76df44d0, 0x0000027a76df8190, 0x0000027a76df49e0, 0x0000027a76df8bb0,
0x0000027a76dfaf20, 0x0000027a76df9ae0, 0x0000027a76df90c0, 0x0000027a76df86a0,
0x0000027a76df9ff0, 0x0000027a76dfa500, 0x0000027a7961b300, 0x0000027a796194a0,
0x0000027a7961a3d0, 0x0000027a796199b0, 0x0000027a79618570, 0x0000027a79619ec0,
0x0000027a7961b810, 0x0000027a7961adf0, 0x0000027a79618060, 0x0000027a7961bd20,
0x0000027a7961a8e0, 0x0000027a7961c230, 0x0000027a79618a80, 0x0000027a7961c740,
0x0000027a79618f90, 0x0000027a7961db80, 0x0000027a7961e5a0, 0x0000027a7961cc50,
0x0000027a7961d160, 0x0000027a7961d670, 0x0000027a7961f4d0, 0x0000027a7961e090,
0x0000027a7961eab0, 0x0000027a7961efc0, 0x0000027a7961f9e0, 0x0000027a795ba1e0,
0x0000027a795b97c0, 0x0000027a795b7960, 0x0000027a795b9cd0, 0x0000027a795b7e70,
0x0000027a795b7450, 0x0000027a795b8890, 0x0000027a795ba6f0, 0x0000027a795b92b0,
0x0000027a795bac00, 0x0000027a795bb110, 0x0000027a795b8380, 0x0000027a795bb620,
0x0000027a795bbb30, 0x0000027a795bc040, 0x0000027a795bc550, 0x0000027a795b8da0,
0x0000027a795bca60, 0x0000027a795bcf70, 0x0000027a795be3b0, 0x0000027a795bdea0,
0x0000027a795bd480, 0x0000027a795bd990, 0x0000027a795be8c0, 0x0000027a7a856220,
0x0000027a7d716740, 0x0000027a7d717b80, 0x0000027a7d718ab0, 0x0000027a7d717160,
0x0000027a7d7199e0, 0x0000027a7d717670, 0x0000027a7d718fc0, 0x0000027a7d7194d0,
0x0000027a7d718090, 0x0000027a7d7185a0, 0x0000027a7d716230
}

Java Threads: ( => current thread )
  0x0000027a0d8fb550 JavaThread "main" [_thread_blocked, id=19816, stack(0x000000f115800000,0x000000f115900000)]
  0x0000027a3071d260 JavaThread "Reference Handler" daemon [_thread_blocked, id=34208, stack(0x000000f115f00000,0x000000f116000000)]
  0x0000027a3071e6a0 JavaThread "Finalizer" daemon [_thread_blocked, id=33540, stack(0x000000f116000000,0x000000f116100000)]
  0x0000027a30732910 JavaThread "Signal Dispatcher" daemon [_thread_blocked, id=14284, stack(0x000000f116100000,0x000000f116200000)]
  0x0000027a307331e0 JavaThread "Attach Listener" daemon [_thread_blocked, id=16840, stack(0x000000f116200000,0x000000f116300000)]
  0x0000027a30733ab0 JavaThread "Service Thread" daemon [_thread_blocked, id=21500, stack(0x000000f116300000,0x000000f116400000)]
  0x0000027a30734380 JavaThread "Monitor Deflation Thread" daemon [_thread_blocked, id=24924, stack(0x000000f116400000,0x000000f116500000)]
=>0x0000027a30736660 JavaThread "C2 CompilerThread0" daemon [_thread_in_native, id=21768, stack(0x000000f116500000,0x000000f116600000)]
  0x0000027a30741bb0 JavaThread "C1 CompilerThread0" daemon [_thread_blocked, id=34328, stack(0x000000f116600000,0x000000f116700000)]
  0x0000027a3074a4d0 JavaThread "Sweeper thread" daemon [_thread_blocked, id=22892, stack(0x000000f116700000,0x000000f116800000)]
  0x0000027a308cd6c0 JavaThread "Common-Cleaner" daemon [_thread_blocked, id=27808, stack(0x000000f116800000,0x000000f116900000)]
  0x0000027a308cc790 JavaThread "Notification Thread" daemon [_thread_blocked, id=34644, stack(0x000000f116900000,0x000000f116a00000)]
  0x0000027a308cf010 JavaThread "Daemon health stats" [_thread_blocked, id=14504, stack(0x000000f116c00000,0x000000f116d00000)]
  0x0000027a308cc280 JavaThread "Incoming local TCP Connector on port 49744" [_thread_in_native, id=25360, stack(0x000000f116b00000,0x000000f116c00000)]
  0x0000027a308ce0e0 JavaThread "Daemon periodic checks" [_thread_blocked, id=20932, stack(0x000000f117500000,0x000000f117600000)]
  0x0000027a308ce5f0 JavaThread "Daemon" [_thread_blocked, id=3124, stack(0x000000f117600000,0x000000f117700000)]
  0x0000027a308ccca0 JavaThread "Handler for socket connection from /127.0.0.1:49744 to /127.0.0.1:49745" [_thread_in_native, id=7924, stack(0x000000f117700000,0x000000f117800000)]
  0x0000027a308ceb00 JavaThread "Cancel handler" [_thread_blocked, id=29392, stack(0x000000f117800000,0x000000f117900000)]
  0x0000027a308cd1b0 JavaThread "Daemon worker" [_thread_blocked, id=35352, stack(0x000000f117900000,0x000000f117a00000)]
  0x0000027a308cbd70 JavaThread "Asynchronous log dispatcher for DefaultDaemonConnection: socket connection from /127.0.0.1:49744 to /127.0.0.1:49745" [_thread_blocked, id=28336, stack(0x000000f117a00000,0x000000f117b00000)]
  0x0000027a308cf520 JavaThread "Stdin handler" [_thread_blocked, id=2080, stack(0x000000f117b00000,0x000000f117c00000)]
  0x0000027a76df3ab0 JavaThread "Daemon client event forwarder" [_thread_blocked, id=14768, stack(0x000000f117c00000,0x000000f117d00000)]
  0x0000027a76df3fc0 JavaThread "Cache worker for journal cache (C:\Users\NhuQuynh\.gradle\caches\journal-1)" [_thread_blocked, id=14372, stack(0x000000f117400000,0x000000f117500000)]
  0x0000027a76df6840 JavaThread "File lock request listener" [_thread_in_native, id=24016, stack(0x000000f117d00000,0x000000f117e00000)]
  0x0000027a76df5e20 JavaThread "Cache worker for file hash cache (C:\Users\NhuQuynh\.gradle\caches\8.14.3\fileHashes)" [_thread_blocked, id=35260, stack(0x000000f117e00000,0x000000f117f00000)]
  0x0000027a76df4ef0 JavaThread "File lock release action executor" [_thread_blocked, id=23136, stack(0x000000f117f00000,0x000000f118000000)]
  0x0000027a76df5400 JavaThread "Cache worker for file hash cache (D:\Project\KMP_hackathon\.gradle\8.14.3\fileHashes)" [_thread_blocked, id=11692, stack(0x000000f118100000,0x000000f118200000)]
  0x0000027a76df6d50 JavaThread "Cache worker for Build Output Cleanup Cache (D:\Project\KMP_hackathon\.gradle\buildOutputCleanup)" [_thread_blocked, id=10336, stack(0x000000f118200000,0x000000f118300000)]
  0x0000027a76df7260 JavaThread "File watcher server" daemon [_thread_in_native, id=20820, stack(0x000000f118500000,0x000000f118600000)]
  0x0000027a76df7770 JavaThread "File watcher consumer" daemon [_thread_blocked, id=2920, stack(0x000000f118600000,0x000000f118700000)]
  0x0000027a76df5910 JavaThread "jar transforms" [_thread_blocked, id=34332, stack(0x000000f118700000,0x000000f118800000)]
  0x0000027a76df7c80 JavaThread "jar transforms Thread 2" [_thread_blocked, id=9052, stack(0x000000f118800000,0x000000f118900000)]
  0x0000027a76df44d0 JavaThread "jar transforms Thread 3" [_thread_blocked, id=28112, stack(0x000000f118900000,0x000000f118a00000)]
  0x0000027a76df8190 JavaThread "jar transforms Thread 4" [_thread_blocked, id=31476, stack(0x000000f118a00000,0x000000f118b00000)]
  0x0000027a76df49e0 JavaThread "jar transforms Thread 5" [_thread_blocked, id=32540, stack(0x000000f118b00000,0x000000f118c00000)]
  0x0000027a76df8bb0 JavaThread "jar transforms Thread 6" [_thread_blocked, id=16136, stack(0x000000f118c00000,0x000000f118d00000)]
  0x0000027a76dfaf20 JavaThread "jar transforms Thread 7" [_thread_blocked, id=28744, stack(0x000000f118d00000,0x000000f118e00000)]
  0x0000027a76df9ae0 JavaThread "jar transforms Thread 8" [_thread_blocked, id=16160, stack(0x000000f118e00000,0x000000f118f00000)]
  0x0000027a76df90c0 JavaThread "Cache worker for checksums cache (D:\Project\KMP_hackathon\.gradle\8.14.3\checksums)" [_thread_blocked, id=34240, stack(0x000000f118f00000,0x000000f119000000)]
  0x0000027a76df86a0 JavaThread "Cache worker for file content cache (C:\Users\NhuQuynh\.gradle\caches\8.14.3\fileContent)" [_thread_blocked, id=33880, stack(0x000000f119000000,0x000000f119100000)]
  0x0000027a76df9ff0 JavaThread "Cache worker for cache directory md-supplier (C:\Users\NhuQuynh\.gradle\caches\8.14.3\md-supplier)" [_thread_blocked, id=18688, stack(0x000000f118400000,0x000000f118500000)]
  0x0000027a76dfa500 JavaThread "Cache worker for cache directory md-rule (C:\Users\NhuQuynh\.gradle\caches\8.14.3\md-rule)" [_thread_blocked, id=19216, stack(0x000000f119100000,0x000000f119200000)]
  0x0000027a7961b300 JavaThread "Unconstrained build operations" [_thread_blocked, id=5016, stack(0x000000f118000000,0x000000f118100000)]
  0x0000027a796194a0 JavaThread "Unconstrained build operations Thread 2" [_thread_blocked, id=34032, stack(0x000000f119200000,0x000000f119300000)]
  0x0000027a7961a3d0 JavaThread "Unconstrained build operations Thread 3" [_thread_blocked, id=13228, stack(0x000000f119300000,0x000000f119400000)]
  0x0000027a796199b0 JavaThread "Unconstrained build operations Thread 4" [_thread_blocked, id=20324, stack(0x000000f119400000,0x000000f119500000)]
  0x0000027a79618570 JavaThread "Unconstrained build operations Thread 5" [_thread_blocked, id=32944, stack(0x000000f119500000,0x000000f119600000)]
  0x0000027a79619ec0 JavaThread "Unconstrained build operations Thread 6" [_thread_blocked, id=29324, stack(0x000000f119600000,0x000000f119700000)]
  0x0000027a7961b810 JavaThread "Unconstrained build operations Thread 7" [_thread_blocked, id=32624, stack(0x000000f119700000,0x000000f119800000)]
  0x0000027a7961adf0 JavaThread "Unconstrained build operations Thread 8" [_thread_blocked, id=14348, stack(0x000000f119900000,0x000000f119a00000)]
  0x0000027a79618060 JavaThread "Unconstrained build operations Thread 9" [_thread_blocked, id=10720, stack(0x000000f119a00000,0x000000f119b00000)]
  0x0000027a7961bd20 JavaThread "Unconstrained build operations Thread 10" [_thread_blocked, id=14156, stack(0x000000f119b00000,0x000000f119c00000)]
  0x0000027a7961a8e0 JavaThread "Unconstrained build operations Thread 11" [_thread_blocked, id=28040, stack(0x000000f119c00000,0x000000f119d00000)]
  0x0000027a7961c230 JavaThread "Unconstrained build operations Thread 12" [_thread_blocked, id=4168, stack(0x000000f119d00000,0x000000f119e00000)]
  0x0000027a79618a80 JavaThread "Unconstrained build operations Thread 13" [_thread_blocked, id=23808, stack(0x000000f119e00000,0x000000f119f00000)]
  0x0000027a7961c740 JavaThread "Unconstrained build operations Thread 14" [_thread_blocked, id=1012, stack(0x000000f119f00000,0x000000f11a000000)]
  0x0000027a79618f90 JavaThread "Unconstrained build operations Thread 15" [_thread_blocked, id=27640, stack(0x000000f11a000000,0x000000f11a100000)]
  0x0000027a7961db80 JavaThread "Unconstrained build operations Thread 16" [_thread_blocked, id=26704, stack(0x000000f11a100000,0x000000f11a200000)]
  0x0000027a7961e5a0 JavaThread "Unconstrained build operations Thread 17" [_thread_blocked, id=9560, stack(0x000000f11a200000,0x000000f11a300000)]
  0x0000027a7961cc50 JavaThread "Unconstrained build operations Thread 18" [_thread_blocked, id=31212, stack(0x000000f11a300000,0x000000f11a400000)]
  0x0000027a7961d160 JavaThread "Unconstrained build operations Thread 19" [_thread_blocked, id=28540, stack(0x000000f11a400000,0x000000f11a500000)]
  0x0000027a7961d670 JavaThread "Unconstrained build operations Thread 20" [_thread_blocked, id=25368, stack(0x000000f11a500000,0x000000f11a600000)]
  0x0000027a7961f4d0 JavaThread "Unconstrained build operations Thread 21" [_thread_blocked, id=22860, stack(0x000000f11a600000,0x000000f11a700000)]
  0x0000027a7961e090 JavaThread "Unconstrained build operations Thread 22" [_thread_blocked, id=20548, stack(0x000000f11a700000,0x000000f11a800000)]
  0x0000027a7961eab0 JavaThread "Unconstrained build operations Thread 23" [_thread_blocked, id=11920, stack(0x000000f11a800000,0x000000f11a900000)]
  0x0000027a7961efc0 JavaThread "Unconstrained build operations Thread 24" [_thread_blocked, id=8404, stack(0x000000f11a900000,0x000000f11aa00000)]
  0x0000027a7961f9e0 JavaThread "Unconstrained build operations Thread 25" [_thread_blocked, id=33504, stack(0x000000f11aa00000,0x000000f11ab00000)]
  0x0000027a795ba1e0 JavaThread "Unconstrained build operations Thread 26" [_thread_blocked, id=18408, stack(0x000000f11ab00000,0x000000f11ac00000)]
  0x0000027a795b97c0 JavaThread "Unconstrained build operations Thread 27" [_thread_blocked, id=9780, stack(0x000000f11ac00000,0x000000f11ad00000)]
  0x0000027a795b7960 JavaThread "Unconstrained build operations Thread 28" [_thread_blocked, id=31864, stack(0x000000f11ad00000,0x000000f11ae00000)]
  0x0000027a795b9cd0 JavaThread "Unconstrained build operations Thread 29" [_thread_blocked, id=32696, stack(0x000000f119800000,0x000000f119900000)]
  0x0000027a795b7e70 JavaThread "Unconstrained build operations Thread 30" [_thread_blocked, id=10076, stack(0x000000f11ae00000,0x000000f11af00000)]
  0x0000027a795b7450 JavaThread "Unconstrained build operations Thread 31" [_thread_blocked, id=16872, stack(0x000000f11af00000,0x000000f11b000000)]
  0x0000027a795b8890 JavaThread "Unconstrained build operations Thread 32" [_thread_blocked, id=9612, stack(0x000000f11b000000,0x000000f11b100000)]
  0x0000027a795ba6f0 JavaThread "Unconstrained build operations Thread 33" [_thread_blocked, id=8648, stack(0x000000f11b100000,0x000000f11b200000)]
  0x0000027a795b92b0 JavaThread "Unconstrained build operations Thread 34" [_thread_blocked, id=6440, stack(0x000000f11b200000,0x000000f11b300000)]
  0x0000027a795bac00 JavaThread "Unconstrained build operations Thread 35" [_thread_blocked, id=35500, stack(0x000000f11b300000,0x000000f11b400000)]
  0x0000027a795bb110 JavaThread "Unconstrained build operations Thread 36" [_thread_blocked, id=28972, stack(0x000000f11b400000,0x000000f11b500000)]
  0x0000027a795b8380 JavaThread "Unconstrained build operations Thread 37" [_thread_blocked, id=27876, stack(0x000000f11b500000,0x000000f11b600000)]
  0x0000027a795bb620 JavaThread "Unconstrained build operations Thread 38" [_thread_blocked, id=10228, stack(0x000000f11b600000,0x000000f11b700000)]
  0x0000027a795bbb30 JavaThread "Unconstrained build operations Thread 39" [_thread_blocked, id=17440, stack(0x000000f11b700000,0x000000f11b800000)]
  0x0000027a795bc040 JavaThread "Unconstrained build operations Thread 40" [_thread_blocked, id=28484, stack(0x000000f11b800000,0x000000f11b900000)]
  0x0000027a795bc550 JavaThread "Unconstrained build operations Thread 41" [_thread_blocked, id=15812, stack(0x000000f11b900000,0x000000f11ba00000)]
  0x0000027a795b8da0 JavaThread "Unconstrained build operations Thread 42" [_thread_blocked, id=32260, stack(0x000000f11ba00000,0x000000f11bb00000)]
  0x0000027a795bca60 JavaThread "Unconstrained build operations Thread 43" [_thread_blocked, id=34588, stack(0x000000f11bc00000,0x000000f11bd00000)]
  0x0000027a795bcf70 JavaThread "Unconstrained build operations Thread 44" [_thread_blocked, id=19752, stack(0x000000f11bd00000,0x000000f11be00000)]
  0x0000027a795be3b0 JavaThread "Unconstrained build operations Thread 45" [_thread_blocked, id=35392, stack(0x000000f11be00000,0x000000f11bf00000)]
  0x0000027a795bdea0 JavaThread "Unconstrained build operations Thread 46" [_thread_blocked, id=15836, stack(0x000000f11bf00000,0x000000f11c000000)]
  0x0000027a795bd480 JavaThread "Unconstrained build operations Thread 47" [_thread_blocked, id=12784, stack(0x000000f11c000000,0x000000f11c100000)]
  0x0000027a795bd990 JavaThread "Unconstrained build operations Thread 48" [_thread_blocked, id=31984, stack(0x000000f11c100000,0x000000f11c200000)]
  0x0000027a795be8c0 JavaThread "Unconstrained build operations Thread 49" [_thread_blocked, id=21788, stack(0x000000f11c200000,0x000000f11c300000)]
  0x0000027a7a856220 JavaThread "Memory manager" [_thread_blocked, id=22632, stack(0x000000f11bb00000,0x000000f11bc00000)]
  0x0000027a7d716740 JavaThread "Problems report writer" [_thread_blocked, id=31412, stack(0x000000f115600000,0x000000f115700000)]
  0x0000027a7d717b80 JavaThread "included builds" [_thread_blocked, id=29452, stack(0x000000f11c500000,0x000000f11c600000)]
  0x0000027a7d718ab0 JavaThread "Execution worker" [_thread_blocked, id=1920, stack(0x000000f11c600000,0x000000f11c700000)]
  0x0000027a7d717160 JavaThread "Execution worker Thread 2" [_thread_blocked, id=19336, stack(0x000000f11c800000,0x000000f11c900000)]
  0x0000027a7d7199e0 JavaThread "Execution worker Thread 3" [_thread_blocked, id=11072, stack(0x000000f11c900000,0x000000f11ca00000)]
  0x0000027a7d717670 JavaThread "Execution worker Thread 4" [_thread_blocked, id=11144, stack(0x000000f11ca00000,0x000000f11cb00000)]
  0x0000027a7d718fc0 JavaThread "Execution worker Thread 5" [_thread_in_native, id=26024, stack(0x000000f11cb00000,0x000000f11cc00000)]
  0x0000027a7d7194d0 JavaThread "Execution worker Thread 6" [_thread_blocked, id=21020, stack(0x000000f11cc00000,0x000000f11cd00000)]
  0x0000027a7d718090 JavaThread "Execution worker Thread 7" [_thread_blocked, id=30468, stack(0x000000f11cd00000,0x000000f11ce00000)]
  0x0000027a7d7185a0 JavaThread "Cache worker for execution history cache (D:\Project\KMP_hackathon\.gradle\8.14.3\executionHistory)" [_thread_blocked, id=17652, stack(0x000000f11ce00000,0x000000f11cf00000)]
  0x0000027a7d716230 JavaThread "Unconstrained build operations Thread 50" [_thread_blocked, id=29688, stack(0x000000f11cf00000,0x000000f11d000000)]

Other Threads:
  0x0000027a30716d90 VMThread "VM Thread" [stack: 0x000000f115e00000,0x000000f115f00000] [id=19340]
  0x0000027a0d995310 WatcherThread [stack: 0x000000f116a00000,0x000000f116b00000] [id=14432]
  0x0000027a0d96b3a0 GCTaskThread "GC Thread#0" [stack: 0x000000f115900000,0x000000f115a00000] [id=10600]
  0x0000027a7612aa90 GCTaskThread "GC Thread#1" [stack: 0x000000f116d00000,0x000000f116e00000] [id=23692]
  0x0000027a30a64300 GCTaskThread "GC Thread#2" [stack: 0x000000f116e00000,0x000000f116f00000] [id=34412]
  0x0000027a763276c0 GCTaskThread "GC Thread#3" [stack: 0x000000f116f00000,0x000000f117000000] [id=23992]
  0x0000027a30a71260 GCTaskThread "GC Thread#4" [stack: 0x000000f117000000,0x000000f117100000] [id=23060]
  0x0000027a764d9b10 GCTaskThread "GC Thread#5" [stack: 0x000000f117100000,0x000000f117200000] [id=13280]
  0x0000027a764d9dd0 GCTaskThread "GC Thread#6" [stack: 0x000000f117200000,0x000000f117300000] [id=32408]
  0x0000027a766814c0 GCTaskThread "GC Thread#7" [stack: 0x000000f117300000,0x000000f117400000] [id=30424]
  0x0000027a0d978350 ConcurrentGCThread "G1 Main Marker" [stack: 0x000000f115a00000,0x000000f115b00000] [id=29944]
  0x0000027a0d979730 ConcurrentGCThread "G1 Conc#0" [stack: 0x000000f115b00000,0x000000f115c00000] [id=23048]
  0x0000027a76128350 ConcurrentGCThread "G1 Conc#1" [stack: 0x000000f118300000,0x000000f118400000] [id=31704]
  0x0000027a0d9be9b0 ConcurrentGCThread "G1 Refine#0" [stack: 0x000000f115c00000,0x000000f115d00000] [id=3604]
  0x0000027a7bf48140 ConcurrentGCThread "G1 Refine#1" [stack: 0x000000f11c700000,0x000000f11c800000] [id=23976]
  0x0000027a76f0edd0 ConcurrentGCThread "G1 Refine#2" [stack: 0x000000f115500000,0x000000f115600000] [id=16856]
  0x0000027a76f0f3b0 ConcurrentGCThread "G1 Refine#3" [stack: 0x000000f115700000,0x000000f115800000] [id=28444]
  0x0000027a76f0d070 ConcurrentGCThread "G1 Refine#4" [stack: 0x000000f11d000000,0x000000f11d100000] [id=18592]
  0x0000027a76f0d650 ConcurrentGCThread "G1 Refine#5" [stack: 0x000000f11d100000,0x000000f11d200000] [id=27564]
  0x0000027a76f0df20 ConcurrentGCThread "G1 Refine#6" [stack: 0x000000f11d200000,0x000000f11d300000] [id=28164]
  0x0000027a76f0e210 ConcurrentGCThread "G1 Refine#7" [stack: 0x000000f11d300000,0x000000f11d400000] [id=25628]
  0x0000027a30651970 ConcurrentGCThread "G1 Service" [stack: 0x000000f115d00000,0x000000f115e00000] [id=24560]

Threads with active compile tasks:
C2 CompilerThread0    90655 19286       4       org.gradle.api.internal.file.copy.DuplicateHandlingCopyActionDecorator$$Lambda$3202/0x0000027a3353bf50::processFile (17 bytes)

VM state: not at safepoint (normal execution)

VM Mutex/Monitor currently owned by a thread: None

Heap address: 0x0000000700000000, size: 4096 MB, Compressed Oops mode: Zero based, Oop shift amount: 3

CDS archive(s) mapped at: [0x0000027a31000000-0x0000027a31bd0000-0x0000027a31bd0000), size 12386304, SharedBaseAddress: 0x0000027a31000000, ArchiveRelocationMode: 1.
Compressed class space mapped at: 0x0000027a32000000-0x0000027a72000000, reserved size: 1073741824
Narrow klass base: 0x0000027a31000000, Narrow klass shift: 0, Narrow klass range: 0x100000000

GC Precious Log:
 CPUs: 8 total, 8 available
 Memory: 24278M
 Large Page Support: Disabled
 NUMA Support: Disabled
 Compressed Oops: Enabled (Zero based)
 Heap Region Size: 2M
 Heap Min Capacity: 8M
 Heap Initial Capacity: 380M
 Heap Max Capacity: 4G
 Pre-touch: Disabled
 Parallel Workers: 8
 Concurrent Workers: 2
 Concurrent Refinement Workers: 8
 Periodic GC: Disabled

Heap:
 garbage-first heap   total 450560K, used 265536K [0x0000000700000000, 0x0000000800000000)
  region size 2048K, 19 young (38912K), 9 survivors (18432K)
 Metaspace       used 161115K, committed 162304K, reserved 1245184K
  class space    used 21161K, committed 21760K, reserved 1048576K

Heap Regions: E=young(eden), S=young(survivor), O=old, HS=humongous(starts), HC=humongous(continues), CS=collection set, F=free, OA=open archive, CA=closed archive, TAMS=top-at-mark-start (previous, next)
|   0|0x0000000700000000, 0x0000000700200000, 0x0000000700200000|100%|HS|  |TAMS 0x0000000700200000, 0x0000000700000000| Complete 
|   1|0x0000000700200000, 0x0000000700400000, 0x0000000700400000|100%|HC|  |TAMS 0x0000000700400000, 0x0000000700200000| Complete 
|   2|0x0000000700400000, 0x0000000700600000, 0x0000000700600000|100%| O|  |TAMS 0x0000000700600000, 0x0000000700400000| Untracked 
|   3|0x0000000700600000, 0x0000000700800000, 0x0000000700800000|100%| O|  |TAMS 0x0000000700800000, 0x0000000700600000| Untracked 
|   4|0x0000000700800000, 0x0000000700a00000, 0x0000000700a00000|100%| O|  |TAMS 0x0000000700a00000, 0x0000000700800000| Untracked 
|   5|0x0000000700a00000, 0x0000000700bdbe00, 0x0000000700c00000| 92%| O|  |TAMS 0x0000000700bdbe00, 0x0000000700a00000| Untracked 
|   6|0x0000000700c00000, 0x0000000700e00000, 0x0000000700e00000|100%|HS|  |TAMS 0x0000000700e00000, 0x0000000700c00000| Complete 
|   7|0x0000000700e00000, 0x0000000701000000, 0x0000000701000000|100%|HC|  |TAMS 0x0000000701000000, 0x0000000700e00000| Complete 
|   8|0x0000000701000000, 0x0000000701200000, 0x0000000701200000|100%|HC|  |TAMS 0x0000000701200000, 0x0000000701000000| Complete 
|   9|0x0000000701200000, 0x0000000701400000, 0x0000000701400000|100%|HS|  |TAMS 0x0000000701400000, 0x0000000701200000| Complete 
|  10|0x0000000701400000, 0x0000000701600000, 0x0000000701600000|100%|HS|  |TAMS 0x0000000701600000, 0x0000000701400000| Complete 
|  11|0x0000000701600000, 0x0000000701800000, 0x0000000701800000|100%|HC|  |TAMS 0x0000000701800000, 0x0000000701600000| Complete 
|  12|0x0000000701800000, 0x0000000701a00000, 0x0000000701a00000|100%|HC|  |TAMS 0x0000000701a00000, 0x0000000701800000| Complete 
|  13|0x0000000701a00000, 0x0000000701c00000, 0x0000000701c00000|100%| O|  |TAMS 0x0000000701c00000, 0x0000000701a00000| Untracked 
|  14|0x0000000701c00000, 0x0000000701e00000, 0x0000000701e00000|100%| O|  |TAMS 0x0000000701e00000, 0x0000000701c00000| Untracked 
|  15|0x0000000701e00000, 0x0000000702000000, 0x0000000702000000|100%| O|  |TAMS 0x0000000702000000, 0x0000000701e00000| Untracked 
|  16|0x0000000702000000, 0x0000000702200000, 0x0000000702200000|100%| O|  |TAMS 0x0000000702200000, 0x0000000702000000| Untracked 
|  17|0x0000000702200000, 0x0000000702400000, 0x0000000702400000|100%| O|  |TAMS 0x0000000702400000, 0x0000000702200000| Untracked 
|  18|0x0000000702400000, 0x0000000702600000, 0x0000000702600000|100%| O|  |TAMS 0x0000000702600000, 0x0000000702400000| Untracked 
|  19|0x0000000702600000, 0x0000000702800000, 0x0000000702800000|100%| O|  |TAMS 0x0000000702800000, 0x0000000702600000| Untracked 
|  20|0x0000000702800000, 0x0000000702a00000, 0x0000000702a00000|100%| O|  |TAMS 0x0000000702a00000, 0x0000000702800000| Untracked 
|  21|0x0000000702a00000, 0x0000000702c00000, 0x0000000702c00000|100%| O|  |TAMS 0x0000000702c00000, 0x0000000702a00000| Untracked 
|  22|0x0000000702c00000, 0x0000000702e00000, 0x0000000702e00000|100%|HS|  |TAMS 0x0000000702e00000, 0x0000000702c00000| Complete 
|  23|0x0000000702e00000, 0x0000000703000000, 0x0000000703000000|100%|HC|  |TAMS 0x0000000703000000, 0x0000000702e00000| Complete 
|  24|0x0000000703000000, 0x0000000703200000, 0x0000000703200000|100%|HC|  |TAMS 0x0000000703200000, 0x0000000703000000| Complete 
|  25|0x0000000703200000, 0x0000000703400000, 0x0000000703400000|100%|HS|  |TAMS 0x0000000703400000, 0x0000000703200000| Complete 
|  26|0x0000000703400000, 0x0000000703600000, 0x0000000703600000|100%|HS|  |TAMS 0x0000000703600000, 0x0000000703400000| Complete 
|  27|0x0000000703600000, 0x0000000703800000, 0x0000000703800000|100%|HC|  |TAMS 0x0000000703800000, 0x0000000703600000| Complete 
|  28|0x0000000703800000, 0x0000000703a00000, 0x0000000703a00000|100%|HC|  |TAMS 0x0000000703a00000, 0x0000000703800000| Complete 
|  29|0x0000000703a00000, 0x0000000703c00000, 0x0000000703c00000|100%| O|  |TAMS 0x0000000703c00000, 0x0000000703a00000| Untracked 
|  30|0x0000000703c00000, 0x0000000703e00000, 0x0000000703e00000|100%| O|  |TAMS 0x0000000703e00000, 0x0000000703c00000| Untracked 
|  31|0x0000000703e00000, 0x0000000704000000, 0x0000000704000000|100%| O|  |TAMS 0x0000000704000000, 0x0000000703e00000| Untracked 
|  32|0x0000000704000000, 0x0000000704200000, 0x0000000704200000|100%| O|  |TAMS 0x0000000704200000, 0x0000000704000000| Untracked 
|  33|0x0000000704200000, 0x0000000704400000, 0x0000000704400000|100%|HS|  |TAMS 0x0000000704400000, 0x0000000704200000| Complete 
|  34|0x0000000704400000, 0x0000000704600000, 0x0000000704600000|100%| O|  |TAMS 0x0000000704600000, 0x0000000704400000| Untracked 
|  35|0x0000000704600000, 0x0000000704800000, 0x0000000704800000|100%| O|  |TAMS 0x0000000704800000, 0x0000000704600000| Untracked 
|  36|0x0000000704800000, 0x0000000704a00000, 0x0000000704a00000|100%| O|  |TAMS 0x0000000704a00000, 0x0000000704800000| Untracked 
|  37|0x0000000704a00000, 0x0000000704c00000, 0x0000000704c00000|100%| O|  |TAMS 0x0000000704c00000, 0x0000000704a00000| Untracked 
|  38|0x0000000704c00000, 0x0000000704e00000, 0x0000000704e00000|100%| O|  |TAMS 0x0000000704e00000, 0x0000000704c00000| Untracked 
|  39|0x0000000704e00000, 0x0000000705000000, 0x0000000705000000|100%| O|  |TAMS 0x0000000705000000, 0x0000000704e00000| Untracked 
|  40|0x0000000705000000, 0x0000000705200000, 0x0000000705200000|100%| O|  |TAMS 0x0000000705200000, 0x0000000705000000| Untracked 
|  41|0x0000000705200000, 0x0000000705400000, 0x0000000705400000|100%| O|  |TAMS 0x0000000705400000, 0x0000000705200000| Untracked 
|  42|0x0000000705400000, 0x0000000705600000, 0x0000000705600000|100%| O|  |TAMS 0x0000000705600000, 0x0000000705400000| Untracked 
|  43|0x0000000705600000, 0x0000000705800000, 0x0000000705800000|100%| O|  |TAMS 0x0000000705800000, 0x0000000705600000| Untracked 
|  44|0x0000000705800000, 0x0000000705a00000, 0x0000000705a00000|100%|HS|  |TAMS 0x0000000705a00000, 0x0000000705800000| Complete 
|  45|0x0000000705a00000, 0x0000000705c00000, 0x0000000705c00000|100%|HS|  |TAMS 0x0000000705c00000, 0x0000000705a00000| Complete 
|  46|0x0000000705c00000, 0x0000000705e00000, 0x0000000705e00000|100%| O|  |TAMS 0x0000000705e00000, 0x0000000705c00000| Untracked 
|  47|0x0000000705e00000, 0x0000000706000000, 0x0000000706000000|100%| O|  |TAMS 0x0000000706000000, 0x0000000705e00000| Untracked 
|  48|0x0000000706000000, 0x0000000706200000, 0x0000000706200000|100%| O|  |TAMS 0x0000000706200000, 0x0000000706000000| Untracked 
|  49|0x0000000706200000, 0x0000000706400000, 0x0000000706400000|100%| O|  |TAMS 0x0000000706400000, 0x0000000706200000| Untracked 
|  50|0x0000000706400000, 0x0000000706600000, 0x0000000706600000|100%| O|  |TAMS 0x0000000706600000, 0x0000000706400000| Untracked 
|  51|0x0000000706600000, 0x0000000706800000, 0x0000000706800000|100%| O|  |TAMS 0x0000000706800000, 0x0000000706600000| Untracked 
|  52|0x0000000706800000, 0x0000000706a00000, 0x0000000706a00000|100%| O|  |TAMS 0x0000000706a00000, 0x0000000706800000| Untracked 
|  53|0x0000000706a00000, 0x0000000706c00000, 0x0000000706c00000|100%| O|  |TAMS 0x0000000706c00000, 0x0000000706a00000| Untracked 
|  54|0x0000000706c00000, 0x0000000706e00000, 0x0000000706e00000|100%| O|  |TAMS 0x0000000706e00000, 0x0000000706c00000| Untracked 
|  55|0x0000000706e00000, 0x0000000707000000, 0x0000000707000000|100%| O|  |TAMS 0x0000000707000000, 0x0000000706e00000| Untracked 
|  56|0x0000000707000000, 0x0000000707200000, 0x0000000707200000|100%| O|  |TAMS 0x0000000707200000, 0x0000000707000000| Untracked 
|  57|0x0000000707200000, 0x0000000707400000, 0x0000000707400000|100%| O|  |TAMS 0x0000000707400000, 0x0000000707200000| Untracked 
|  58|0x0000000707400000, 0x0000000707600000, 0x0000000707600000|100%| O|  |TAMS 0x0000000707600000, 0x0000000707400000| Untracked 
|  59|0x0000000707600000, 0x0000000707800000, 0x0000000707800000|100%| O|  |TAMS 0x0000000707800000, 0x0000000707600000| Untracked 
|  60|0x0000000707800000, 0x0000000707a00000, 0x0000000707a00000|100%| O|  |TAMS 0x0000000707a00000, 0x0000000707800000| Untracked 
|  61|0x0000000707a00000, 0x0000000707c00000, 0x0000000707c00000|100%| O|  |TAMS 0x0000000707a00000, 0x0000000707a00000| Untracked 
|  62|0x0000000707c00000, 0x0000000707e00000, 0x0000000707e00000|100%| O|  |TAMS 0x0000000707e00000, 0x0000000707c00000| Untracked 
|  63|0x0000000707e00000, 0x0000000708000000, 0x0000000708000000|100%| O|  |TAMS 0x0000000708000000, 0x0000000707e00000| Untracked 
|  64|0x0000000708000000, 0x0000000708200000, 0x0000000708200000|100%| O|  |TAMS 0x0000000708200000, 0x0000000708000000| Untracked 
|  65|0x0000000708200000, 0x0000000708400000, 0x0000000708400000|100%| O|  |TAMS 0x0000000708400000, 0x0000000708200000| Untracked 
|  66|0x0000000708400000, 0x0000000708600000, 0x0000000708600000|100%| O|  |TAMS 0x0000000708600000, 0x0000000708400000| Untracked 
|  67|0x0000000708600000, 0x0000000708800000, 0x0000000708800000|100%| O|  |TAMS 0x0000000708800000, 0x0000000708600000| Untracked 
|  68|0x0000000708800000, 0x0000000708a00000, 0x0000000708a00000|100%| O|  |TAMS 0x0000000708a00000, 0x0000000708800000| Untracked 
|  69|0x0000000708a00000, 0x0000000708c00000, 0x0000000708c00000|100%| O|  |TAMS 0x0000000708c00000, 0x0000000708a00000| Untracked 
|  70|0x0000000708c00000, 0x0000000708e00000, 0x0000000708e00000|100%| O|  |TAMS 0x0000000708e00000, 0x0000000708c00000| Untracked 
|  71|0x0000000708e00000, 0x0000000709000000, 0x0000000709000000|100%| O|  |TAMS 0x0000000709000000, 0x0000000708e00000| Untracked 
|  72|0x0000000709000000, 0x0000000709200000, 0x0000000709200000|100%| O|  |TAMS 0x0000000709200000, 0x0000000709000000| Untracked 
|  73|0x0000000709200000, 0x0000000709400000, 0x0000000709400000|100%| O|  |TAMS 0x0000000709400000, 0x0000000709200000| Untracked 
|  74|0x0000000709400000, 0x0000000709600000, 0x0000000709600000|100%| O|  |TAMS 0x0000000709600000, 0x0000000709400000| Untracked 
|  75|0x0000000709600000, 0x0000000709800000, 0x0000000709800000|100%| O|  |TAMS 0x0000000709800000, 0x0000000709600000| Untracked 
|  76|0x0000000709800000, 0x0000000709a00000, 0x0000000709a00000|100%| O|  |TAMS 0x0000000709a00000, 0x0000000709800000| Untracked 
|  77|0x0000000709a00000, 0x0000000709c00000, 0x0000000709c00000|100%| O|  |TAMS 0x0000000709c00000, 0x0000000709a00000| Untracked 
|  78|0x0000000709c00000, 0x0000000709e00000, 0x0000000709e00000|100%| O|  |TAMS 0x0000000709e00000, 0x0000000709c00000| Untracked 
|  79|0x0000000709e00000, 0x000000070a000000, 0x000000070a000000|100%| O|  |TAMS 0x000000070a000000, 0x0000000709e00000| Untracked 
|  80|0x000000070a000000, 0x000000070a200000, 0x000000070a200000|100%| O|  |TAMS 0x000000070a200000, 0x000000070a000000| Untracked 
|  81|0x000000070a200000, 0x000000070a400000, 0x000000070a400000|100%| O|  |TAMS 0x000000070a400000, 0x000000070a200000| Untracked 
|  82|0x000000070a400000, 0x000000070a600000, 0x000000070a600000|100%| O|  |TAMS 0x000000070a600000, 0x000000070a400000| Complete 
|  83|0x000000070a600000, 0x000000070a800000, 0x000000070a800000|100%| O|  |TAMS 0x000000070a800000, 0x000000070a600000| Untracked 
|  84|0x000000070a800000, 0x000000070aa00000, 0x000000070aa00000|100%| O|  |TAMS 0x000000070aa00000, 0x000000070a800000| Untracked 
|  85|0x000000070aa00000, 0x000000070ac00000, 0x000000070ac00000|100%| O|  |TAMS 0x000000070ac00000, 0x000000070aa00000| Complete 
|  86|0x000000070ac00000, 0x000000070ae00000, 0x000000070ae00000|100%| O|  |TAMS 0x000000070ae00000, 0x000000070ac00000| Untracked 
|  87|0x000000070ae00000, 0x000000070b000000, 0x000000070b000000|100%| O|  |TAMS 0x000000070b000000, 0x000000070ae00000| Complete 
|  88|0x000000070b000000, 0x000000070b200000, 0x000000070b200000|100%| O|  |TAMS 0x000000070b200000, 0x000000070b000000| Complete 
|  89|0x000000070b200000, 0x000000070b400000, 0x000000070b400000|100%| O|  |TAMS 0x000000070b400000, 0x000000070b200000| Untracked 
|  90|0x000000070b400000, 0x000000070b600000, 0x000000070b600000|100%| O|  |TAMS 0x000000070b600000, 0x000000070b400000| Untracked 
|  91|0x000000070b600000, 0x000000070b800000, 0x000000070b800000|100%| O|  |TAMS 0x000000070b800000, 0x000000070b600000| Untracked 
|  92|0x000000070b800000, 0x000000070ba00000, 0x000000070ba00000|100%| O|  |TAMS 0x000000070ba00000, 0x000000070b800000| Untracked 
|  93|0x000000070ba00000, 0x000000070bc00000, 0x000000070bc00000|100%|HS|  |TAMS 0x000000070bc00000, 0x000000070ba00000| Complete 
|  94|0x000000070bc00000, 0x000000070be00000, 0x000000070be00000|100%| O|  |TAMS 0x000000070be00000, 0x000000070bc00000| Untracked 
|  95|0x000000070be00000, 0x000000070c000000, 0x000000070c000000|100%| O|  |TAMS 0x000000070c000000, 0x000000070be00000| Untracked 
|  96|0x000000070c000000, 0x000000070c200000, 0x000000070c200000|100%| O|  |TAMS 0x000000070c200000, 0x000000070c000000| Untracked 
|  97|0x000000070c200000, 0x000000070c400000, 0x000000070c400000|100%| O|  |TAMS 0x000000070c400000, 0x000000070c200000| Untracked 
|  98|0x000000070c400000, 0x000000070c600000, 0x000000070c600000|100%| O|  |TAMS 0x000000070c600000, 0x000000070c400000| Untracked 
|  99|0x000000070c600000, 0x000000070c800000, 0x000000070c800000|100%| O|  |TAMS 0x000000070c800000, 0x000000070c600000| Untracked 
| 100|0x000000070c800000, 0x000000070ca00000, 0x000000070ca00000|100%| O|  |TAMS 0x000000070ca00000, 0x000000070c800000| Untracked 
| 101|0x000000070ca00000, 0x000000070cc00000, 0x000000070cc00000|100%| O|  |TAMS 0x000000070cc00000, 0x000000070ca00000| Untracked 
| 102|0x000000070cc00000, 0x000000070ce00000, 0x000000070ce00000|100%| O|  |TAMS 0x000000070ce00000, 0x000000070cc00000| Untracked 
| 103|0x000000070ce00000, 0x000000070d000000, 0x000000070d000000|100%| O|  |TAMS 0x000000070d000000, 0x000000070ce00000| Untracked 
| 104|0x000000070d000000, 0x000000070d200000, 0x000000070d200000|100%| O|  |TAMS 0x000000070d200000, 0x000000070d000000| Untracked 
| 105|0x000000070d200000, 0x000000070d400000, 0x000000070d400000|100%| O|  |TAMS 0x000000070d400000, 0x000000070d200000| Untracked 
| 106|0x000000070d400000, 0x000000070d600000, 0x000000070d600000|100%| O|  |TAMS 0x000000070d600000, 0x000000070d400000| Untracked 
| 107|0x000000070d600000, 0x000000070d800000, 0x000000070d800000|100%| O|  |TAMS 0x000000070d800000, 0x000000070d600000| Untracked 
| 108|0x000000070d800000, 0x000000070da00000, 0x000000070da00000|100%| O|  |TAMS 0x000000070d9f1000, 0x000000070d800000| Untracked 
| 109|0x000000070da00000, 0x000000070db74400, 0x000000070dc00000| 72%| O|  |TAMS 0x000000070da00000, 0x000000070da00000| Untracked 
| 110|0x000000070dc00000, 0x000000070dc00000, 0x000000070de00000|  0%| F|  |TAMS 0x000000070dc00000, 0x000000070dc00000| Untracked 
| 111|0x000000070de00000, 0x000000070de00000, 0x000000070e000000|  0%| F|  |TAMS 0x000000070de00000, 0x000000070de00000| Untracked 
| 112|0x000000070e000000, 0x000000070e000000, 0x000000070e200000|  0%| F|  |TAMS 0x000000070e000000, 0x000000070e000000| Untracked 
| 113|0x000000070e200000, 0x000000070e200000, 0x000000070e400000|  0%| F|  |TAMS 0x000000070e200000, 0x000000070e200000| Untracked 
| 114|0x000000070e400000, 0x000000070e400000, 0x000000070e600000|  0%| F|  |TAMS 0x000000070e400000, 0x000000070e400000| Untracked 
| 115|0x000000070e600000, 0x000000070e600000, 0x000000070e800000|  0%| F|  |TAMS 0x000000070e600000, 0x000000070e600000| Untracked 
| 116|0x000000070e800000, 0x000000070e800000, 0x000000070ea00000|  0%| F|  |TAMS 0x000000070e800000, 0x000000070e800000| Untracked 
| 117|0x000000070ea00000, 0x000000070ea00000, 0x000000070ec00000|  0%| F|  |TAMS 0x000000070ea00000, 0x000000070ea00000| Untracked 
| 118|0x000000070ec00000, 0x000000070ec00000, 0x000000070ee00000|  0%| F|  |TAMS 0x000000070ec00000, 0x000000070ec00000| Untracked 
| 119|0x000000070ee00000, 0x000000070ee00000, 0x000000070f000000|  0%| F|  |TAMS 0x000000070ee00000, 0x000000070ee00000| Untracked 
| 120|0x000000070f000000, 0x000000070f000000, 0x000000070f200000|  0%| F|  |TAMS 0x000000070f000000, 0x000000070f000000| Untracked 
| 121|0x000000070f200000, 0x000000070f200000, 0x000000070f400000|  0%| F|  |TAMS 0x000000070f200000, 0x000000070f200000| Untracked 
| 122|0x000000070f400000, 0x000000070f400000, 0x000000070f600000|  0%| F|  |TAMS 0x000000070f400000, 0x000000070f400000| Untracked 
| 123|0x000000070f600000, 0x000000070f600000, 0x000000070f800000|  0%| F|  |TAMS 0x000000070f600000, 0x000000070f600000| Untracked 
| 124|0x000000070f800000, 0x000000070f800000, 0x000000070fa00000|  0%| F|  |TAMS 0x000000070f800000, 0x000000070f800000| Untracked 
| 125|0x000000070fa00000, 0x000000070fa00000, 0x000000070fc00000|  0%| F|  |TAMS 0x000000070fa00000, 0x000000070fa00000| Untracked 
| 126|0x000000070fc00000, 0x000000070fc00000, 0x000000070fe00000|  0%| F|  |TAMS 0x000000070fc00000, 0x000000070fc00000| Untracked 
| 127|0x000000070fe00000, 0x000000070fe00000, 0x0000000710000000|  0%| F|  |TAMS 0x000000070fe00000, 0x000000070fe00000| Untracked 
| 128|0x0000000710000000, 0x0000000710000000, 0x0000000710200000|  0%| F|  |TAMS 0x0000000710000000, 0x0000000710000000| Untracked 
| 129|0x0000000710200000, 0x0000000710200000, 0x0000000710400000|  0%| F|  |TAMS 0x0000000710200000, 0x0000000710200000| Untracked 
| 130|0x0000000710400000, 0x0000000710400000, 0x0000000710600000|  0%| F|  |TAMS 0x0000000710400000, 0x0000000710400000| Untracked 
| 131|0x0000000710600000, 0x0000000710600000, 0x0000000710800000|  0%| F|  |TAMS 0x0000000710600000, 0x0000000710600000| Untracked 
| 132|0x0000000710800000, 0x0000000710800000, 0x0000000710a00000|  0%| F|  |TAMS 0x0000000710800000, 0x0000000710800000| Untracked 
| 133|0x0000000710a00000, 0x0000000710a00000, 0x0000000710c00000|  0%| F|  |TAMS 0x0000000710a00000, 0x0000000710a00000| Untracked 
| 134|0x0000000710c00000, 0x0000000710c00000, 0x0000000710e00000|  0%| F|  |TAMS 0x0000000710c00000, 0x0000000710c00000| Untracked 
| 135|0x0000000710e00000, 0x0000000710e00000, 0x0000000711000000|  0%| F|  |TAMS 0x0000000710e00000, 0x0000000710e00000| Untracked 
| 136|0x0000000711000000, 0x0000000711000000, 0x0000000711200000|  0%| F|  |TAMS 0x0000000711000000, 0x0000000711000000| Untracked 
| 137|0x0000000711200000, 0x0000000711200000, 0x0000000711400000|  0%| F|  |TAMS 0x0000000711200000, 0x0000000711200000| Untracked 
| 138|0x0000000711400000, 0x0000000711400000, 0x0000000711600000|  0%| F|  |TAMS 0x0000000711400000, 0x0000000711400000| Untracked 
| 139|0x0000000711600000, 0x0000000711600000, 0x0000000711800000|  0%| F|  |TAMS 0x0000000711600000, 0x0000000711600000| Untracked 
| 140|0x0000000711800000, 0x0000000711800000, 0x0000000711a00000|  0%| F|  |TAMS 0x0000000711800000, 0x0000000711800000| Untracked 
| 141|0x0000000711a00000, 0x0000000711a00000, 0x0000000711c00000|  0%| F|  |TAMS 0x0000000711a00000, 0x0000000711a00000| Untracked 
| 142|0x0000000711c00000, 0x0000000711c00000, 0x0000000711e00000|  0%| F|  |TAMS 0x0000000711c00000, 0x0000000711c00000| Untracked 
| 143|0x0000000711e00000, 0x0000000711e00000, 0x0000000712000000|  0%| F|  |TAMS 0x0000000711e00000, 0x0000000711e00000| Untracked 
| 144|0x0000000712000000, 0x0000000712200000, 0x0000000712200000|100%| S|CS|TAMS 0x0000000712000000, 0x0000000712000000| Complete 
| 145|0x0000000712200000, 0x0000000712400000, 0x0000000712400000|100%| S|CS|TAMS 0x0000000712200000, 0x0000000712200000| Complete 
| 146|0x0000000712400000, 0x0000000712600000, 0x0000000712600000|100%| S|CS|TAMS 0x0000000712400000, 0x0000000712400000| Complete 
| 147|0x0000000712600000, 0x0000000712800000, 0x0000000712800000|100%| S|CS|TAMS 0x0000000712600000, 0x0000000712600000| Complete 
| 148|0x0000000712800000, 0x0000000712a00000, 0x0000000712a00000|100%| S|CS|TAMS 0x0000000712800000, 0x0000000712800000| Complete 
| 149|0x0000000712a00000, 0x0000000712c00000, 0x0000000712c00000|100%| S|CS|TAMS 0x0000000712a00000, 0x0000000712a00000| Complete 
| 150|0x0000000712c00000, 0x0000000712e00000, 0x0000000712e00000|100%| S|CS|TAMS 0x0000000712c00000, 0x0000000712c00000| Complete 
| 151|0x0000000712e00000, 0x0000000713000000, 0x0000000713000000|100%| S|CS|TAMS 0x0000000712e00000, 0x0000000712e00000| Complete 
| 152|0x0000000713000000, 0x0000000713200000, 0x0000000713200000|100%| S|CS|TAMS 0x0000000713000000, 0x0000000713000000| Complete 
| 153|0x0000000713200000, 0x0000000713200000, 0x0000000713400000|  0%| F|  |TAMS 0x0000000713200000, 0x0000000713200000| Untracked 
| 154|0x0000000713400000, 0x0000000713400000, 0x0000000713600000|  0%| F|  |TAMS 0x0000000713400000, 0x0000000713400000| Untracked 
| 155|0x0000000713600000, 0x0000000713600000, 0x0000000713800000|  0%| F|  |TAMS 0x0000000713600000, 0x0000000713600000| Untracked 
| 156|0x0000000713800000, 0x0000000713800000, 0x0000000713a00000|  0%| F|  |TAMS 0x0000000713800000, 0x0000000713800000| Untracked 
| 157|0x0000000713a00000, 0x0000000713a00000, 0x0000000713c00000|  0%| F|  |TAMS 0x0000000713a00000, 0x0000000713a00000| Untracked 
| 158|0x0000000713c00000, 0x0000000713c00000, 0x0000000713e00000|  0%| F|  |TAMS 0x0000000713c00000, 0x0000000713c00000| Untracked 
| 159|0x0000000713e00000, 0x0000000713e00000, 0x0000000714000000|  0%| F|  |TAMS 0x0000000713e00000, 0x0000000713e00000| Untracked 
| 160|0x0000000714000000, 0x0000000714000000, 0x0000000714200000|  0%| F|  |TAMS 0x0000000714000000, 0x0000000714000000| Untracked 
| 161|0x0000000714200000, 0x0000000714200000, 0x0000000714400000|  0%| F|  |TAMS 0x0000000714200000, 0x0000000714200000| Untracked 
| 162|0x0000000714400000, 0x0000000714400000, 0x0000000714600000|  0%| F|  |TAMS 0x0000000714400000, 0x0000000714400000| Untracked 
| 163|0x0000000714600000, 0x0000000714600000, 0x0000000714800000|  0%| F|  |TAMS 0x0000000714600000, 0x0000000714600000| Untracked 
| 164|0x0000000714800000, 0x0000000714800000, 0x0000000714a00000|  0%| F|  |TAMS 0x0000000714800000, 0x0000000714800000| Untracked 
| 165|0x0000000714a00000, 0x0000000714a00000, 0x0000000714c00000|  0%| F|  |TAMS 0x0000000714a00000, 0x0000000714a00000| Untracked 
| 166|0x0000000714c00000, 0x0000000714c00000, 0x0000000714e00000|  0%| F|  |TAMS 0x0000000714c00000, 0x0000000714c00000| Untracked 
| 167|0x0000000714e00000, 0x0000000714e00000, 0x0000000715000000|  0%| F|  |TAMS 0x0000000714e00000, 0x0000000714e00000| Untracked 
| 168|0x0000000715000000, 0x0000000715000000, 0x0000000715200000|  0%| F|  |TAMS 0x0000000715000000, 0x0000000715000000| Untracked 
| 169|0x0000000715200000, 0x0000000715200000, 0x0000000715400000|  0%| F|  |TAMS 0x0000000715200000, 0x0000000715200000| Untracked 
| 170|0x0000000715400000, 0x0000000715400000, 0x0000000715600000|  0%| F|  |TAMS 0x0000000715400000, 0x0000000715400000| Untracked 
| 171|0x0000000715600000, 0x0000000715600000, 0x0000000715800000|  0%| F|  |TAMS 0x0000000715600000, 0x0000000715600000| Untracked 
| 172|0x0000000715800000, 0x0000000715800000, 0x0000000715a00000|  0%| F|  |TAMS 0x0000000715800000, 0x0000000715800000| Untracked 
| 173|0x0000000715a00000, 0x0000000715a00000, 0x0000000715c00000|  0%| F|  |TAMS 0x0000000715a00000, 0x0000000715a00000| Untracked 
| 174|0x0000000715c00000, 0x0000000715c00000, 0x0000000715e00000|  0%| F|  |TAMS 0x0000000715c00000, 0x0000000715c00000| Untracked 
| 175|0x0000000715e00000, 0x0000000715e00000, 0x0000000716000000|  0%| F|  |TAMS 0x0000000715e00000, 0x0000000715e00000| Untracked 
| 176|0x0000000716000000, 0x0000000716000000, 0x0000000716200000|  0%| F|  |TAMS 0x0000000716000000, 0x0000000716000000| Untracked 
| 177|0x0000000716200000, 0x0000000716200000, 0x0000000716400000|  0%| F|  |TAMS 0x0000000716200000, 0x0000000716200000| Untracked 
| 178|0x0000000716400000, 0x0000000716400000, 0x0000000716600000|  0%| F|  |TAMS 0x0000000716400000, 0x0000000716400000| Untracked 
| 179|0x0000000716600000, 0x0000000716600000, 0x0000000716800000|  0%| F|  |TAMS 0x0000000716600000, 0x0000000716600000| Untracked 
| 180|0x0000000716800000, 0x0000000716800000, 0x0000000716a00000|  0%| F|  |TAMS 0x0000000716800000, 0x0000000716800000| Untracked 
| 181|0x0000000716a00000, 0x0000000716a00000, 0x0000000716c00000|  0%| F|  |TAMS 0x0000000716a00000, 0x0000000716a00000| Untracked 
| 182|0x0000000716c00000, 0x0000000716c00000, 0x0000000716e00000|  0%| F|  |TAMS 0x0000000716c00000, 0x0000000716c00000| Untracked 
| 183|0x0000000716e00000, 0x0000000716e00000, 0x0000000717000000|  0%| F|  |TAMS 0x0000000716e00000, 0x0000000716e00000| Untracked 
| 184|0x0000000717000000, 0x0000000717000000, 0x0000000717200000|  0%| F|  |TAMS 0x0000000717000000, 0x0000000717000000| Untracked 
| 185|0x0000000717200000, 0x0000000717200000, 0x0000000717400000|  0%| F|  |TAMS 0x0000000717200000, 0x0000000717200000| Untracked 
| 186|0x0000000717400000, 0x0000000717400000, 0x0000000717600000|  0%| F|  |TAMS 0x0000000717400000, 0x0000000717400000| Untracked 
| 187|0x0000000717600000, 0x0000000717600000, 0x0000000717800000|  0%| F|  |TAMS 0x0000000717600000, 0x0000000717600000| Untracked 
| 188|0x0000000717800000, 0x0000000717800000, 0x0000000717a00000|  0%| F|  |TAMS 0x0000000717800000, 0x0000000717800000| Untracked 
| 189|0x0000000717a00000, 0x0000000717a00000, 0x0000000717c00000|  0%| F|  |TAMS 0x0000000717a00000, 0x0000000717a00000| Untracked 
| 190|0x0000000717c00000, 0x0000000717c00000, 0x0000000717e00000|  0%| F|  |TAMS 0x0000000717c00000, 0x0000000717c00000| Untracked 
| 191|0x0000000717e00000, 0x0000000717e00000, 0x0000000718000000|  0%| F|  |TAMS 0x0000000717e00000, 0x0000000717e00000| Untracked 
| 192|0x0000000718000000, 0x0000000718000000, 0x0000000718200000|  0%| F|  |TAMS 0x0000000718000000, 0x0000000718000000| Untracked 
| 193|0x0000000718200000, 0x0000000718200000, 0x0000000718400000|  0%| F|  |TAMS 0x0000000718200000, 0x0000000718200000| Untracked 
| 194|0x0000000718400000, 0x0000000718400000, 0x0000000718600000|  0%| F|  |TAMS 0x0000000718400000, 0x0000000718400000| Untracked 
| 195|0x0000000718600000, 0x0000000718600000, 0x0000000718800000|  0%| F|  |TAMS 0x0000000718600000, 0x0000000718600000| Untracked 
| 196|0x0000000718800000, 0x0000000718800000, 0x0000000718a00000|  0%| F|  |TAMS 0x0000000718800000, 0x0000000718800000| Untracked 
| 197|0x0000000718a00000, 0x0000000718a00000, 0x0000000718c00000|  0%| F|  |TAMS 0x0000000718a00000, 0x0000000718a00000| Untracked 
| 198|0x0000000718c00000, 0x0000000718c00000, 0x0000000718e00000|  0%| F|  |TAMS 0x0000000718c00000, 0x0000000718c00000| Untracked 
| 199|0x0000000718e00000, 0x0000000718e00000, 0x0000000719000000|  0%| F|  |TAMS 0x0000000718e00000, 0x0000000718e00000| Untracked 
| 200|0x0000000719000000, 0x0000000719000000, 0x0000000719200000|  0%| F|  |TAMS 0x0000000719000000, 0x0000000719000000| Untracked 
| 201|0x0000000719200000, 0x0000000719200000, 0x0000000719400000|  0%| F|  |TAMS 0x0000000719200000, 0x0000000719200000| Untracked 
| 202|0x0000000719400000, 0x0000000719400000, 0x0000000719600000|  0%| F|  |TAMS 0x0000000719400000, 0x0000000719400000| Untracked 
| 203|0x0000000719600000, 0x0000000719600000, 0x0000000719800000|  0%| F|  |TAMS 0x0000000719600000, 0x0000000719600000| Untracked 
| 204|0x0000000719800000, 0x0000000719800000, 0x0000000719a00000|  0%| F|  |TAMS 0x0000000719800000, 0x0000000719800000| Untracked 
| 205|0x0000000719a00000, 0x0000000719a00000, 0x0000000719c00000|  0%| F|  |TAMS 0x0000000719a00000, 0x0000000719a00000| Untracked 
| 206|0x0000000719c00000, 0x0000000719c00000, 0x0000000719e00000|  0%| F|  |TAMS 0x0000000719c00000, 0x0000000719c00000| Untracked 
| 207|0x0000000719e00000, 0x0000000719e00000, 0x000000071a000000|  0%| F|  |TAMS 0x0000000719e00000, 0x0000000719e00000| Untracked 
| 208|0x000000071a000000, 0x000000071a103c38, 0x000000071a200000| 50%| E|  |TAMS 0x000000071a000000, 0x000000071a000000| Complete 
| 209|0x000000071a200000, 0x000000071a400000, 0x000000071a400000|100%| E|CS|TAMS 0x000000071a200000, 0x000000071a200000| Complete 
| 210|0x000000071a400000, 0x000000071a600000, 0x000000071a600000|100%| E|CS|TAMS 0x000000071a400000, 0x000000071a400000| Complete 
| 211|0x000000071a600000, 0x000000071a800000, 0x000000071a800000|100%| E|CS|TAMS 0x000000071a600000, 0x000000071a600000| Complete 
| 212|0x000000071a800000, 0x000000071aa00000, 0x000000071aa00000|100%| E|CS|TAMS 0x000000071a800000, 0x000000071a800000| Complete 
| 213|0x000000071aa00000, 0x000000071ac00000, 0x000000071ac00000|100%| E|CS|TAMS 0x000000071aa00000, 0x000000071aa00000| Complete 
| 214|0x000000071ac00000, 0x000000071ae00000, 0x000000071ae00000|100%| E|CS|TAMS 0x000000071ac00000, 0x000000071ac00000| Complete 
| 215|0x000000071ae00000, 0x000000071b000000, 0x000000071b000000|100%| E|CS|TAMS 0x000000071ae00000, 0x000000071ae00000| Complete 
| 216|0x000000071b000000, 0x000000071b200000, 0x000000071b200000|100%| E|CS|TAMS 0x000000071b000000, 0x000000071b000000| Complete 
| 217|0x000000071b200000, 0x000000071b400000, 0x000000071b400000|100%| E|CS|TAMS 0x000000071b200000, 0x000000071b200000| Complete 
|2046|0x00000007ffc00000, 0x00000007ffe00000, 0x00000007ffe00000|100%| O|  |TAMS 0x00000007ffe00000, 0x00000007ffc00000| Untracked 
|2047|0x00000007ffe00000, 0x0000000800000000, 0x0000000800000000|100%| O|  |TAMS 0x0000000800000000, 0x00000007ffe00000| Untracked 

Card table byte_map: [0x0000027a24cf0000,0x0000027a254f0000] _byte_map_base: 0x0000027a214f0000

Marking Bits (Prev, Next): (CMBitMap*) 0x0000027a0d96b8d0, (CMBitMap*) 0x0000027a0d96b910
 Prev Bits: [0x0000027a25cf0000, 0x0000027a29cf0000)
 Next Bits: [0x0000027a29cf0000, 0x0000027a2dcf0000)

Polling page: 0x0000027a0b840000

Metaspace:

Usage:
  Non-class:    136.67 MB used.
      Class:     20.67 MB used.
       Both:    157.34 MB used.

Virtual space:
  Non-class space:      192.00 MB reserved,     137.25 MB ( 71%) committed,  3 nodes.
      Class space:        1.00 GB reserved,      21.25 MB (  2%) committed,  1 nodes.
             Both:        1.19 GB reserved,     158.50 MB ( 13%) committed. 

Chunk freelists:
   Non-Class:  6.45 MB
       Class:  10.67 MB
        Both:  17.12 MB

MaxMetaspaceSize: unlimited
CompressedClassSpaceSize: 1.00 GB
Initial GC threshold: 21.00 MB
Current GC threshold: 264.19 MB
CDS: on
MetaspaceReclaimPolicy: balanced
 - commit_granule_bytes: 65536.
 - commit_granule_words: 8192.
 - virtual_space_node_default_size: 8388608.
 - enlarge_chunks_in_place: 1.
 - new_chunks_are_fully_committed: 0.
 - uncommit_free_chunks: 1.
 - use_allocation_guard: 0.
 - handle_deallocations: 1.


Internal statistics:

num_allocs_failed_limit: 12.
num_arena_births: 1656.
num_arena_deaths: 0.
num_vsnodes_births: 4.
num_vsnodes_deaths: 0.
num_space_committed: 2534.
num_space_uncommitted: 0.
num_chunks_returned_to_freelist: 12.
num_chunks_taken_from_freelist: 8163.
num_chunk_merges: 12.
num_chunk_splits: 5867.
num_chunks_enlarged: 4383.
num_inconsistent_stats: 0.

CodeHeap 'non-profiled nmethods': size=120000Kb used=10158Kb max_used=10158Kb free=109841Kb
 bounds [0x0000027a1cc80000, 0x0000027a1d670000, 0x0000027a241b0000]
CodeHeap 'profiled nmethods': size=120000Kb used=33971Kb max_used=35380Kb free=86028Kb
 bounds [0x0000027a151b0000, 0x0000027a17440000, 0x0000027a1c6e0000]
CodeHeap 'non-nmethods': size=5760Kb used=2630Kb max_used=2690Kb free=3129Kb
 bounds [0x0000027a1c6e0000, 0x0000027a1c990000, 0x0000027a1cc80000]
 total_blobs=17276 nmethods=16086 adapters=1099
 compilation: enabled
              stopped_count=0, restarted_count=0
 full_count=0

Compilation events (20 events):
Event: 86.636 Thread 0x0000027a30736660 nmethod 19276 0x0000027a1d43aa10 code [0x0000027a1d43ab80, 0x0000027a1d43ac18]
Event: 88.351 Thread 0x0000027a30736660 19277       4       org.gradle.api.internal.file.copy.DefaultFileCopyDetails::adaptPermissions (22 bytes)
Event: 88.399 Thread 0x0000027a30736660 nmethod 19277 0x0000027a1d438d90 code [0x0000027a1d439000, 0x0000027a1d439c20]
Event: 88.400 Thread 0x0000027a30736660 19278       4       org.gradle.api.internal.file.copy.DefaultFileCopyDetails::getPermissions (46 bytes)
Event: 88.413 Thread 0x0000027a30736660 nmethod 19278 0x0000027a1d437790 code [0x0000027a1d4379c0, 0x0000027a1d438448]
Event: 88.413 Thread 0x0000027a30736660 19279       4       org.gradle.api.internal.file.copy.DefaultCopySpec$DefaultCopySpecResolver::getPermissions (44 bytes)
Event: 88.416 Thread 0x0000027a30736660 nmethod 19279 0x0000027a1d437290 code [0x0000027a1d437420, 0x0000027a1d437588]
Event: 88.420 Thread 0x0000027a30736660 19280   !   4       jdk.internal.reflect.GeneratedConstructorAccessor80::newInstance (85 bytes)
Event: 88.431 Thread 0x0000027a30736660 nmethod 19280 0x0000027a1d436690 code [0x0000027a1d436880, 0x0000027a1d436c68]
Event: 88.431 Thread 0x0000027a30736660 19281       4       org.gradle.api.internal.file.copy.DefaultFileCopyDetails_Decorated::<init> (16 bytes)
Event: 88.435 Thread 0x0000027a30736660 nmethod 19281 0x0000027a1d665710 code [0x0000027a1d6658a0, 0x0000027a1d6659b8]
Event: 88.795 Thread 0x0000027a30736660 19282       4       org.gradle.api.tasks.util.internal.CachingPatternSpecFactory$CachingSpec$1::call (5 bytes)
Event: 88.827 Thread 0x0000027a30736660 nmethod 19282 0x0000027a1d665b10 code [0x0000027a1d665d00, 0x0000027a1d6666e8]
Event: 88.827 Thread 0x0000027a30736660 19283       4       org.gradle.api.internal.file.RelativePathSpec::isSatisfiedBy (9 bytes)
Event: 88.848 Thread 0x0000027a30736660 nmethod 19283 0x0000027a1d667290 code [0x0000027a1d667480, 0x0000027a1d667e08]
Event: 88.958 Thread 0x0000027a30736660 19284   !   4       sun.nio.ch.IOUtil::read (133 bytes)
Event: 88.991 Thread 0x0000027a30736660 nmethod 19284 0x0000027a1d668990 code [0x0000027a1d668c20, 0x0000027a1d669e10]
Event: 88.991 Thread 0x0000027a30736660 19285   !   4       sun.nio.ch.IOUtil::readIntoNativeBuffer (173 bytes)
Event: 89.000 Thread 0x0000027a30736660 nmethod 19285 0x0000027a1d66b090 code [0x0000027a1d66b260, 0x0000027a1d66b5a8]
Event: 89.250 Thread 0x0000027a30736660 19286       4       org.gradle.api.internal.file.copy.DuplicateHandlingCopyActionDecorator$$Lambda$3202/0x0000027a3353bf50::processFile (17 bytes)

GC Heap History (20 events):
Event: 47.090 GC heap before
{Heap before GC invocations=54 (full 0):
 garbage-first heap   total 225280K, used 183233K [0x0000000700000000, 0x0000000800000000)
  region size 2048K, 22 young (45056K), 1 survivors (2048K)
 Metaspace       used 96454K, committed 97472K, reserved 1179648K
  class space    used 13541K, committed 14016K, reserved 1048576K
}
Event: 47.100 GC heap after
{Heap after GC invocations=55 (full 0):
 garbage-first heap   total 225280K, used 152561K [0x0000000700000000, 0x0000000800000000)
  region size 2048K, 3 young (6144K), 3 survivors (6144K)
 Metaspace       used 96454K, committed 97472K, reserved 1179648K
  class space    used 13541K, committed 14016K, reserved 1048576K
}
Event: 47.647 GC heap before
{Heap before GC invocations=55 (full 0):
 garbage-first heap   total 225280K, used 183281K [0x0000000700000000, 0x0000000800000000)
  region size 2048K, 18 young (36864K), 3 survivors (6144K)
 Metaspace       used 99195K, committed 100160K, reserved 1179648K
  class space    used 13872K, committed 14336K, reserved 1048576K
}
Event: 47.662 GC heap after
{Heap after GC invocations=56 (full 0):
 garbage-first heap   total 450560K, used 156411K [0x0000000700000000, 0x0000000800000000)
  region size 2048K, 2 young (4096K), 2 survivors (4096K)
 Metaspace       used 99195K, committed 100160K, reserved 1179648K
  class space    used 13872K, committed 14336K, reserved 1048576K
}
Event: 51.264 GC heap before
{Heap before GC invocations=56 (full 0):
 garbage-first heap   total 450560K, used 322299K [0x0000000700000000, 0x0000000800000000)
  region size 2048K, 80 young (163840K), 2 survivors (4096K)
 Metaspace       used 114465K, committed 115392K, reserved 1179648K
  class space    used 15552K, committed 16000K, reserved 1048576K
}
Event: 51.281 GC heap after
{Heap after GC invocations=57 (full 0):
 garbage-first heap   total 450560K, used 173458K [0x0000000700000000, 0x0000000800000000)
  region size 2048K, 7 young (14336K), 7 survivors (14336K)
 Metaspace       used 114465K, committed 115392K, reserved 1179648K
  class space    used 15552K, committed 16000K, reserved 1048576K
}
Event: 56.443 GC heap before
{Heap before GC invocations=57 (full 0):
 garbage-first heap   total 450560K, used 337298K [0x0000000700000000, 0x0000000800000000)
  region size 2048K, 87 young (178176K), 7 survivors (14336K)
 Metaspace       used 123218K, committed 124160K, reserved 1179648K
  class space    used 16402K, committed 16832K, reserved 1048576K
}
Event: 56.473 GC heap after
{Heap after GC invocations=58 (full 0):
 garbage-first heap   total 450560K, used 187315K [0x0000000700000000, 0x0000000800000000)
  region size 2048K, 11 young (22528K), 11 survivors (22528K)
 Metaspace       used 123218K, committed 124160K, reserved 1179648K
  class space    used 16402K, committed 16832K, reserved 1048576K
}
Event: 61.451 GC heap before
{Heap before GC invocations=58 (full 0):
 garbage-first heap   total 450560K, used 342963K [0x0000000700000000, 0x0000000800000000)
  region size 2048K, 87 young (178176K), 11 survivors (22528K)
 Metaspace       used 143020K, committed 144064K, reserved 1179648K
  class space    used 18399K, committed 18880K, reserved 1048576K
}
Event: 61.480 GC heap after
{Heap after GC invocations=59 (full 0):
 garbage-first heap   total 450560K, used 195166K [0x0000000700000000, 0x0000000800000000)
  region size 2048K, 4 young (8192K), 4 survivors (8192K)
 Metaspace       used 143020K, committed 144064K, reserved 1179648K
  class space    used 18399K, committed 18880K, reserved 1048576K
}
Event: 65.555 GC heap before
{Heap before GC invocations=59 (full 0):
 garbage-first heap   total 450560K, used 354910K [0x0000000700000000, 0x0000000800000000)
  region size 2048K, 82 young (167936K), 4 survivors (8192K)
 Metaspace       used 153498K, committed 154624K, reserved 1245184K
  class space    used 20025K, committed 20544K, reserved 1048576K
}
Event: 65.574 GC heap after
{Heap after GC invocations=60 (full 0):
 garbage-first heap   total 450560K, used 199392K [0x0000000700000000, 0x0000000800000000)
  region size 2048K, 6 young (12288K), 6 survivors (12288K)
 Metaspace       used 153498K, committed 154624K, reserved 1245184K
  class space    used 20025K, committed 20544K, reserved 1048576K
}
Event: 67.074 GC heap before
{Heap before GC invocations=60 (full 0):
 garbage-first heap   total 450560K, used 254688K [0x0000000700000000, 0x0000000800000000)
  region size 2048K, 34 young (69632K), 6 survivors (12288K)
 Metaspace       used 156888K, committed 158016K, reserved 1245184K
  class space    used 20467K, committed 20992K, reserved 1048576K
}
Event: 67.090 GC heap after
{Heap after GC invocations=61 (full 0):
 garbage-first heap   total 450560K, used 202373K [0x0000000700000000, 0x0000000800000000)
  region size 2048K, 5 young (10240K), 5 survivors (10240K)
 Metaspace       used 156888K, committed 158016K, reserved 1245184K
  class space    used 20467K, committed 20992K, reserved 1048576K
}
Event: 70.310 GC heap before
{Heap before GC invocations=62 (full 0):
 garbage-first heap   total 450560K, used 362117K [0x0000000700000000, 0x0000000800000000)
  region size 2048K, 82 young (167936K), 5 survivors (10240K)
 Metaspace       used 160894K, committed 162048K, reserved 1245184K
  class space    used 21143K, committed 21696K, reserved 1048576K
}
Event: 70.350 GC heap after
{Heap after GC invocations=63 (full 0):
 garbage-first heap   total 450560K, used 225135K [0x0000000700000000, 0x0000000800000000)
  region size 2048K, 11 young (22528K), 11 survivors (22528K)
 Metaspace       used 160894K, committed 162048K, reserved 1245184K
  class space    used 21143K, committed 21696K, reserved 1048576K
}
Event: 70.570 GC heap before
{Heap before GC invocations=63 (full 0):
 garbage-first heap   total 450560K, used 227183K [0x0000000700000000, 0x0000000800000000)
  region size 2048K, 12 young (24576K), 11 survivors (22528K)
 Metaspace       used 160894K, committed 162048K, reserved 1245184K
  class space    used 21143K, committed 21696K, reserved 1048576K
}
Event: 70.599 GC heap after
{Heap after GC invocations=64 (full 0):
 garbage-first heap   total 450560K, used 228527K [0x0000000700000000, 0x0000000800000000)
  region size 2048K, 2 young (4096K), 2 survivors (4096K)
 Metaspace       used 160894K, committed 162048K, reserved 1245184K
  class space    used 21143K, committed 21696K, reserved 1048576K
}
Event: 86.181 GC heap before
{Heap before GC invocations=64 (full 0):
 garbage-first heap   total 450560K, used 357551K [0x0000000700000000, 0x0000000800000000)
  region size 2048K, 65 young (133120K), 2 survivors (4096K)
 Metaspace       used 161115K, committed 162304K, reserved 1245184K
  class space    used 21161K, committed 21760K, reserved 1048576K
}
Event: 86.213 GC heap after
{Heap after GC invocations=65 (full 0):
 garbage-first heap   total 450560K, used 247104K [0x0000000700000000, 0x0000000800000000)
  region size 2048K, 9 young (18432K), 9 survivors (18432K)
 Metaspace       used 161115K, committed 162304K, reserved 1245184K
  class space    used 21161K, committed 21760K, reserved 1048576K
}

Deoptimization events (20 events):
Event: 72.455 Thread 0x0000027a7d718fc0 Uncommon trap: trap_request=0xffffff45 fr.pc=0x0000027a1d4b0aac relative=0x00000000000001ec
Event: 72.455 Thread 0x0000027a7d718fc0 Uncommon trap: reason=unstable_if action=reinterpret pc=0x0000027a1d4b0aac method=sun.nio.ch.IOUtil.readIntoNativeBuffer(Ljava/io/FileDescriptor;Ljava/nio/ByteBuffer;JZZILsun/nio/ch/NativeDispatcher;)I @ 94 c2
Event: 72.455 Thread 0x0000027a7d718fc0 DEOPT PACKING pc=0x0000027a1d4b0aac sp=0x000000f11cbf7b10
Event: 72.455 Thread 0x0000027a7d718fc0 DEOPT UNPACKING pc=0x0000027a1c735ba3 sp=0x000000f11cbf7aa0 mode 2
Event: 72.457 Thread 0x0000027a7d718fc0 Uncommon trap: trap_request=0xffffffde fr.pc=0x0000027a1cd9d634 relative=0x0000000000001594
Event: 72.457 Thread 0x0000027a7d718fc0 Uncommon trap: reason=class_check action=maybe_recompile pc=0x0000027a1cd9d634 method=java.util.zip.InflaterInputStream.read([BII)I @ 100 c2
Event: 72.457 Thread 0x0000027a7d718fc0 DEOPT PACKING pc=0x0000027a1cd9d634 sp=0x000000f11cbf8100
Event: 72.457 Thread 0x0000027a7d718fc0 DEOPT UNPACKING pc=0x0000027a1c735ba3 sp=0x000000f11cbf8150 mode 2
Event: 72.459 Thread 0x0000027a7d718fc0 Uncommon trap: trap_request=0xffffffde fr.pc=0x0000027a1cd9d634 relative=0x0000000000001594
Event: 72.459 Thread 0x0000027a7d718fc0 Uncommon trap: reason=class_check action=maybe_recompile pc=0x0000027a1cd9d634 method=java.util.zip.InflaterInputStream.read([BII)I @ 100 c2
Event: 72.459 Thread 0x0000027a7d718fc0 DEOPT PACKING pc=0x0000027a1cd9d634 sp=0x000000f11cbf8100
Event: 72.459 Thread 0x0000027a7d718fc0 DEOPT UNPACKING pc=0x0000027a1c735ba3 sp=0x000000f11cbf8150 mode 2
Event: 73.412 Thread 0x0000027a7d718fc0 Uncommon trap: trap_request=0xffffff6e fr.pc=0x0000027a1ce8e978 relative=0x0000000000000438
Event: 73.412 Thread 0x0000027a7d718fc0 Uncommon trap: reason=loop_limit_check action=maybe_recompile pc=0x0000027a1ce8e978 method=org.gradle.api.internal.file.pattern.GreedyPathMatcher.matches([Ljava/lang/String;I)Z @ 34 c2
Event: 73.412 Thread 0x0000027a7d718fc0 DEOPT PACKING pc=0x0000027a1ce8e978 sp=0x000000f11cbf83b0
Event: 73.412 Thread 0x0000027a7d718fc0 DEOPT UNPACKING pc=0x0000027a1c735ba3 sp=0x000000f11cbf82e0 mode 2
Event: 73.418 Thread 0x0000027a7d718fc0 Uncommon trap: trap_request=0xffffff6e fr.pc=0x0000027a1ce8dc80 relative=0x00000000000000c0
Event: 73.418 Thread 0x0000027a7d718fc0 Uncommon trap: reason=loop_limit_check action=maybe_recompile pc=0x0000027a1ce8dc80 method=org.gradle.api.internal.file.pattern.GreedyPathMatcher.matches([Ljava/lang/String;I)Z @ 34 c2
Event: 73.418 Thread 0x0000027a7d718fc0 DEOPT PACKING pc=0x0000027a1ce8dc80 sp=0x000000f11cbf8320
Event: 73.418 Thread 0x0000027a7d718fc0 DEOPT UNPACKING pc=0x0000027a1c735ba3 sp=0x000000f11cbf82d8 mode 2

Classes unloaded (0 events):
No events

Classes redefined (0 events):
No events

Internal exceptions (20 events):
Event: 67.529 Thread 0x0000027a76df3ab0 Exception <a 'java/lang/NoSuchMethodError'{0x000000071a912888}: static Lorg/gradle/tooling/internal/provider/serialization/StreamedValue;.<clinit>()V> (0x000000071a912888) 
thrown [s\open\src\hotspot\share\prims\jni.cpp, line 1112]
Event: 67.531 Thread 0x0000027a76df3ab0 Exception <a 'java/lang/NoSuchMethodError'{0x000000071a91c250}: static Lorg/gradle/tooling/internal/provider/serialization/SerializedPayload;.<clinit>()V> (0x000000071a91c250) 
thrown [s\open\src\hotspot\share\prims\jni.cpp, line 1112]
Event: 67.533 Thread 0x0000027a76df3ab0 Exception <a 'java/lang/NoSuchMethodError'{0x000000071a923520}: static [B.<clinit>()V> (0x000000071a923520) 
thrown [s\open\src\hotspot\share\prims\jni.cpp, line 1112]
Event: 67.540 Thread 0x0000027a76df3ab0 Exception <a 'java/lang/NoSuchMethodError'{0x000000071a92d3c0}: static Lorg/gradle/tooling/internal/provider/PhasedBuildActionResult;.<clinit>()V> (0x000000071a92d3c0) 
thrown [s\open\src\hotspot\share\prims\jni.cpp, line 1112]
Event: 68.070 Thread 0x0000027a308cd1b0 Exception <a 'java/lang/NoSuchMethodError'{0x000000071960bfd0}: 'java.lang.Object java.lang.invoke.DirectMethodHandle$Holder.newInvokeSpecial(java.lang.Object, java.lang.Object, java.lang.Object, java.lang.Object, java.lang.Object, java.lang.Object, int)'> (0x000000071960bfd0) 
thrown [s\open\src\hotspot\share\interpreter\linkResolver.cpp, line 759]
Event: 68.070 Thread 0x0000027a308cd1b0 Exception <a 'java/lang/NoSuchMethodError'{0x0000000719611380}: 'java.lang.Object java.lang.invoke.DirectMethodHandle$Holder.invokeSpecial(java.lang.Object, java.lang.Object, java.lang.Object, java.lang.Object, java.lang.Object, java.lang.Object, java.lang.Object, int)'> (0x0000000719611380) 
thrown [s\open\src\hotspot\share\interpreter\linkResolver.cpp, line 759]
Event: 68.071 Thread 0x0000027a308cd1b0 Exception <a 'java/lang/NoSuchMethodError'{0x0000000719616400}: 'java.lang.Object java.lang.invoke.Invokers$Holder.linkToTargetMethod(java.lang.Object, java.lang.Object, java.lang.Object, java.lang.Object, java.lang.Object, int, java.lang.Object)'> (0x0000000719616400) 
thrown [s\open\src\hotspot\share\interpreter\linkResolver.cpp, line 759]
Event: 68.222 Thread 0x0000027a308cd1b0 Exception <a 'java/lang/IncompatibleClassChangeError'{0x000000071953d128}: Found class java.lang.Object, but interface was expected> (0x000000071953d128) 
thrown [s\open\src\hotspot\share\interpreter\linkResolver.cpp, line 826]
Event: 68.347 Thread 0x0000027a7d717b80 Exception <a 'java/lang/NoSuchMethodError'{0x0000000719180350}: 'java.lang.Object java.lang.invoke.DirectMethodHandle$Holder.newInvokeSpecial(java.lang.Object, java.lang.Object, int, java.lang.Object, java.lang.Object)'> (0x0000000719180350) 
thrown [s\open\src\hotspot\share\interpreter\linkResolver.cpp, line 759]
Event: 68.349 Thread 0x0000027a7d717b80 Exception <a 'java/lang/NoSuchMethodError'{0x00000007191842d0}: 'java.lang.Object java.lang.invoke.Invokers$Holder.linkToTargetMethod(java.lang.Object, int, java.lang.Object, java.lang.Object, java.lang.Object)'> (0x00000007191842d0) 
thrown [s\open\src\hotspot\share\interpreter\linkResolver.cpp, line 759]
Event: 68.481 Thread 0x0000027a76df3ab0 Exception <a 'java/lang/NoSuchMethodError'{0x0000000718b5bae0}: static Lorg/gradle/internal/build/event/types/DefaultTaskStartedProgressEvent;.<clinit>()V> (0x0000000718b5bae0) 
thrown [s\open\src\hotspot\share\prims\jni.cpp, line 1112]
Event: 68.482 Thread 0x0000027a76df3ab0 Exception <a 'java/lang/NoSuchMethodError'{0x0000000718b685d0}: static Lorg/gradle/internal/build/event/types/DefaultTaskDescriptor;.<clinit>()V> (0x0000000718b685d0) 
thrown [s\open\src\hotspot\share\prims\jni.cpp, line 1112]
Event: 68.495 Thread 0x0000027a76df3ab0 Exception <a 'java/lang/NoSuchMethodError'{0x0000000718b75c58}: static Lorg/gradle/internal/build/event/types/DefaultTaskFinishedProgressEvent;.<clinit>()V> (0x0000000718b75c58) 
thrown [s\open\src\hotspot\share\prims\jni.cpp, line 1112]
Event: 68.498 Thread 0x0000027a7d718fc0 Exception <a 'java/lang/NoSuchMethodError'{0x0000000718b4ba50}: 'void java.lang.invoke.DirectMethodHandle$Holder.invokeSpecial(java.lang.Object, java.lang.Object, java.lang.Object, java.lang.Object, int, java.lang.Object, java.lang.Object)'> (0x0000000718b4ba50) 
thrown [s\open\src\hotspot\share\interpreter\linkResolver.cpp, line 759]
Event: 68.498 Thread 0x0000027a76df3ab0 Exception <a 'java/lang/NoSuchMethodError'{0x0000000718b8b888}: static Lorg/gradle/internal/build/event/types/DefaultTaskSuccessResult;.<clinit>()V> (0x0000000718b8b888) 
thrown [s\open\src\hotspot\share\prims\jni.cpp, line 1112]
Event: 68.498 Thread 0x0000027a76df3ab0 Exception <a 'java/lang/NoSuchMethodError'{0x0000000718b8cfa8}: static Lorg/gradle/internal/build/event/types/AbstractTaskResult;.<clinit>()V> (0x0000000718b8cfa8) 
thrown [s\open\src\hotspot\share\prims\jni.cpp, line 1112]
Event: 68.534 Thread 0x0000027a76df3ab0 Exception <a 'java/lang/NoSuchMethodError'{0x00000007188843b0}: static Lorg/gradle/internal/build/event/types/DefaultBinaryPluginIdentifier;.<clinit>()V> (0x00000007188843b0) 
thrown [s\open\src\hotspot\share\prims\jni.cpp, line 1112]
Event: 68.550 Thread 0x0000027a76df3ab0 Exception <a 'java/lang/NoSuchMethodError'{0x0000000718890100}: static Lorg/gradle/internal/build/event/types/DefaultTaskSkippedResult;.<clinit>()V> (0x0000000718890100) 
thrown [s\open\src\hotspot\share\prims\jni.cpp, line 1112]
Event: 68.821 Thread 0x0000027a7d718fc0 Exception <a 'java/lang/NoSuchMethodError'{0x000000071837d528}: 'long java.lang.invoke.DirectMethodHandle$Holder.invokeVirtual(java.lang.Object, java.lang.Object)'> (0x000000071837d528) 
thrown [s\open\src\hotspot\share\interpreter\linkResolver.cpp, line 759]
Event: 68.830 Thread 0x0000027a7d718fc0 Exception <a 'java/lang/NoSuchMethodError'{0x00000007183ed6d8}: 'int java.lang.invoke.DirectMethodHandle$Holder.invokeSpecial(java.lang.Object, java.lang.Object, int)'> (0x00000007183ed6d8) 
thrown [s\open\src\hotspot\share\interpreter\linkResolver.cpp, line 759]

VM Operations (20 events):
Event: 79.699 Executing VM operation: Cleanup
Event: 79.700 Executing VM operation: Cleanup done
Event: 81.708 Executing VM operation: Cleanup
Event: 81.708 Executing VM operation: Cleanup done
Event: 82.722 Executing VM operation: Cleanup
Event: 82.722 Executing VM operation: Cleanup done
Event: 83.733 Executing VM operation: Cleanup
Event: 83.733 Executing VM operation: Cleanup done
Event: 84.746 Executing VM operation: Cleanup
Event: 84.747 Executing VM operation: Cleanup done
Event: 85.760 Executing VM operation: Cleanup
Event: 85.760 Executing VM operation: Cleanup done
Event: 86.181 Executing VM operation: G1CollectForAllocation
Event: 86.213 Executing VM operation: G1CollectForAllocation done
Event: 86.594 Executing VM operation: G1Concurrent
Event: 86.613 Executing VM operation: G1Concurrent done
Event: 86.757 Executing VM operation: G1Concurrent
Event: 86.758 Executing VM operation: G1Concurrent done
Event: 89.782 Executing VM operation: Cleanup
Event: 89.782 Executing VM operation: Cleanup done

Events (20 events):
Event: 69.353 Thread 0x0000027a3074a4d0 flushing nmethod 0x0000027a171f8e90
Event: 69.354 Thread 0x0000027a3074a4d0 flushing nmethod 0x0000027a17245e10
Event: 69.354 Thread 0x0000027a3074a4d0 flushing nmethod 0x0000027a172ccb10
Event: 69.354 Thread 0x0000027a3074a4d0 flushing nmethod 0x0000027a172dba90
Event: 69.355 Thread 0x0000027a3074a4d0 flushing nmethod 0x0000027a173a5790
Event: 69.356 Thread 0x0000027a3074a4d0 flushing nmethod 0x0000027a173cef90
Event: 69.356 Thread 0x0000027a3074a4d0 flushing nmethod 0x0000027a173d1410
Event: 69.356 Thread 0x0000027a3074a4d0 flushing nmethod 0x0000027a173d3090
Event: 69.356 Thread 0x0000027a3074a4d0 flushing nmethod 0x0000027a173d3c90
Event: 69.356 Thread 0x0000027a3074a4d0 flushing nmethod 0x0000027a173f2e10
Event: 70.163 Thread 0x0000027a861e1330 Thread exited: 0x0000027a861e1330
Event: 70.166 Thread 0x0000027a7c084940 Thread exited: 0x0000027a7c084940
Event: 70.755 Thread 0x0000027a861dfdf0 Thread added: 0x0000027a861dfdf0
Event: 70.755 Thread 0x0000027a861e2320 Thread added: 0x0000027a861e2320
Event: 72.173 Thread 0x0000027a861e2320 Thread exited: 0x0000027a861e2320
Event: 72.347 Thread 0x0000027a861dfdf0 Thread exited: 0x0000027a861dfdf0
Event: 72.451 loading class java/util/Vector$1
Event: 72.451 loading class java/util/Vector$1 done
Event: 72.585 Thread 0x0000027a861e2320 Thread added: 0x0000027a861e2320
Event: 73.518 Thread 0x0000027a861e2320 Thread exited: 0x0000027a861e2320


Dynamic libraries:
0x00007ff657fc0000 - 0x00007ff657fd0000 	C:\Program Files\Java\jdk-17\bin\java.exe
0x00007fff49940000 - 0x00007fff49ba7000 	C:\WINDOWS\SYSTEM32\ntdll.dll
0x00007fff49030000 - 0x00007fff490f9000 	C:\WINDOWS\System32\KERNEL32.DLL
0x00007fff47170000 - 0x00007fff4755f000 	C:\WINDOWS\System32\KERNELBASE.dll
0x00007fff46e00000 - 0x00007fff46f4b000 	C:\WINDOWS\System32\ucrtbase.dll
0x00007fff31dd0000 - 0x00007fff31deb000 	C:\Program Files\Java\jdk-17\bin\VCRUNTIME140.dll
0x00007fff34850000 - 0x00007fff34869000 	C:\Program Files\Java\jdk-17\bin\jli.dll
0x00007fff49100000 - 0x00007fff491b4000 	C:\WINDOWS\System32\ADVAPI32.dll
0x00007fff47ff0000 - 0x00007fff48099000 	C:\WINDOWS\System32\msvcrt.dll
0x00007fff48cf0000 - 0x00007fff48d96000 	C:\WINDOWS\System32\sechost.dll
0x00007fff48e80000 - 0x00007fff48f98000 	C:\WINDOWS\System32\RPCRT4.dll
0x00007fff49730000 - 0x00007fff498f5000 	C:\WINDOWS\System32\USER32.dll
0x00007fff47080000 - 0x00007fff470a7000 	C:\WINDOWS\System32\win32u.dll
0x00007fff30070000 - 0x00007fff30303000 	C:\WINDOWS\WinSxS\amd64_microsoft.windows.common-controls_6595b64144ccf1df_6.0.26100.7309_none_3e05feeae336a044\COMCTL32.dll
0x00007fff49000000 - 0x00007fff4902b000 	C:\WINDOWS\System32\GDI32.dll
0x00007fff46f50000 - 0x00007fff4707c000 	C:\WINDOWS\System32\gdi32full.dll
0x00007fff46a90000 - 0x00007fff46b33000 	C:\WINDOWS\System32\msvcp_win.dll
0x00007fff45390000 - 0x00007fff4539b000 	C:\WINDOWS\SYSTEM32\VERSION.dll
0x00007fff48c00000 - 0x00007fff48c31000 	C:\WINDOWS\System32\IMM32.DLL
0x00007fff35480000 - 0x00007fff3548c000 	C:\Program Files\Java\jdk-17\bin\vcruntime140_1.dll
0x00007fff17320000 - 0x00007fff173ae000 	C:\Program Files\Java\jdk-17\bin\msvcp140.dll
0x00007ffea2740000 - 0x00007ffea3320000 	C:\Program Files\Java\jdk-17\bin\server\jvm.dll
0x00007fff49710000 - 0x00007fff49718000 	C:\WINDOWS\System32\PSAPI.DLL
0x00007fff37b70000 - 0x00007fff37b7a000 	C:\WINDOWS\SYSTEM32\WSOCK32.dll
0x00007fff480a0000 - 0x00007fff48114000 	C:\WINDOWS\System32\WS2_32.dll
0x00007fff31230000 - 0x00007fff31265000 	C:\WINDOWS\SYSTEM32\WINMM.dll
0x00007fff45810000 - 0x00007fff4582b000 	C:\WINDOWS\SYSTEM32\kernel.appcore.dll
0x00007fff1f160000 - 0x00007fff1f16a000 	C:\Program Files\Java\jdk-17\bin\jimage.dll
0x00007fff43fe0000 - 0x00007fff44222000 	C:\WINDOWS\SYSTEM32\DBGHELP.DLL
0x00007fff47ad0000 - 0x00007fff47e55000 	C:\WINDOWS\System32\combase.dll
0x00007fff47f10000 - 0x00007fff47fe6000 	C:\WINDOWS\System32\OLEAUT32.dll
0x00007fff2f350000 - 0x00007fff2f38c000 	C:\WINDOWS\SYSTEM32\dbgcore.DLL
0x00007fff46d50000 - 0x00007fff46df5000 	C:\WINDOWS\System32\bcryptPrimitives.dll
0x00007fff1e500000 - 0x00007fff1e50e000 	C:\Program Files\Java\jdk-17\bin\instrument.dll
0x00007fff1a110000 - 0x00007fff1a135000 	C:\Program Files\Java\jdk-17\bin\java.dll
0x00007ffedccf0000 - 0x00007ffedcdc7000 	C:\Program Files\Java\jdk-17\bin\jsvml.dll
0x00007fff48120000 - 0x00007fff48873000 	C:\WINDOWS\System32\SHELL32.dll
0x00007fff47570000 - 0x00007fff476da000 	C:\WINDOWS\System32\wintypes.dll
0x00007fff443c0000 - 0x00007fff44c1e000 	C:\WINDOWS\SYSTEM32\windows.storage.dll
0x00007fff476e0000 - 0x00007fff477d5000 	C:\WINDOWS\System32\SHCORE.dll
0x00007fff47ea0000 - 0x00007fff47f06000 	C:\WINDOWS\System32\shlwapi.dll
0x00007fff469b0000 - 0x00007fff469d9000 	C:\WINDOWS\SYSTEM32\profapi.dll
0x00007fff1ab40000 - 0x00007fff1ab58000 	C:\Program Files\Java\jdk-17\bin\zip.dll
0x00007fff1a0f0000 - 0x00007fff1a109000 	C:\Program Files\Java\jdk-17\bin\net.dll
0x00007fff37550000 - 0x00007fff37678000 	C:\WINDOWS\SYSTEM32\WINHTTP.dll
0x00007fff45db0000 - 0x00007fff45e1b000 	C:\WINDOWS\system32\mswsock.dll
0x00007fff18d70000 - 0x00007fff18d86000 	C:\Program Files\Java\jdk-17\bin\nio.dll
0x00007fff1e490000 - 0x00007fff1e4a0000 	C:\Program Files\Java\jdk-17\bin\verify.dll
0x00007fff25150000 - 0x00007fff25177000 	C:\Users\NhuQuynh\.gradle\native\1def1411415f61bf3af743bc5b6707747c0891f09f0c88961ee8f79bc544acac\windows-amd64\native-platform.dll
0x00007fff18c40000 - 0x00007fff18cb8000 	C:\Users\NhuQuynh\.gradle\native\0.2.7\x86_64-windows-gnu\gradle-fileevents.dll
0x00007fff1e1f0000 - 0x00007fff1e1fa000 	C:\Program Files\Java\jdk-17\bin\management.dll
0x00007fff1aaf0000 - 0x00007fff1aafb000 	C:\Program Files\Java\jdk-17\bin\management_ext.dll
0x00007fff44f30000 - 0x00007fff44f64000 	C:\WINDOWS\SYSTEM32\IPHLPAPI.DLL
0x00007fff47e90000 - 0x00007fff47e9a000 	C:\WINDOWS\System32\NSI.dll
0x00007fff35350000 - 0x00007fff3536e000 	C:\WINDOWS\SYSTEM32\dhcpcsvc6.DLL
0x00007fff35300000 - 0x00007fff35323000 	C:\WINDOWS\SYSTEM32\dhcpcsvc.DLL
0x00007fff44f70000 - 0x00007fff4509c000 	C:\WINDOWS\SYSTEM32\DNSAPI.dll
0x00007fff46070000 - 0x00007fff4608b000 	C:\WINDOWS\SYSTEM32\CRYPTSP.dll
0x00007fff45770000 - 0x00007fff457aa000 	C:\WINDOWS\system32\rsaenh.dll
0x00007fff45e60000 - 0x00007fff45e8b000 	C:\WINDOWS\SYSTEM32\USERENV.dll
0x00007fff46980000 - 0x00007fff469aa000 	C:\WINDOWS\SYSTEM32\bcrypt.dll
0x00007fff46090000 - 0x00007fff4609c000 	C:\WINDOWS\SYSTEM32\CRYPTBASE.dll
0x00007fff1a4c0000 - 0x00007fff1a4ce000 	C:\Program Files\Java\jdk-17\bin\sunmscapi.dll
0x00007fff46bd0000 - 0x00007fff46d47000 	C:\WINDOWS\System32\CRYPT32.dll
0x00007fff46290000 - 0x00007fff462c0000 	C:\WINDOWS\SYSTEM32\ncrypt.dll
0x00007fff46240000 - 0x00007fff4627f000 	C:\WINDOWS\SYSTEM32\NTASN1.dll
0x00007fff20220000 - 0x00007fff20228000 	C:\WINDOWS\system32\wshunix.dll

dbghelp: loaded successfully - version: 4.0.5 - missing functions: none
symbol engine: initialized successfully - sym options: 0x614 - pdb path: .;C:\Program Files\Java\jdk-17\bin;C:\WINDOWS\SYSTEM32;C:\WINDOWS\WinSxS\amd64_microsoft.windows.common-controls_6595b64144ccf1df_6.0.26100.7309_none_3e05feeae336a044;C:\Program Files\Java\jdk-17\bin\server;C:\Users\NhuQuynh\.gradle\native\1def1411415f61bf3af743bc5b6707747c0891f09f0c88961ee8f79bc544acac\windows-amd64;C:\Users\NhuQuynh\.gradle\native\0.2.7\x86_64-windows-gnu

VM Arguments:
jvm_args: --add-opens=java.base/java.lang=ALL-UNNAMED --add-opens=java.base/java.lang.invoke=ALL-UNNAMED --add-opens=java.base/java.util=ALL-UNNAMED --add-opens=java.prefs/java.util.prefs=ALL-UNNAMED --add-exports=jdk.compiler/com.sun.tools.javac.api=ALL-UNNAMED --add-exports=jdk.compiler/com.sun.tools.javac.util=ALL-UNNAMED --add-opens=java.base/java.util=ALL-UNNAMED --add-opens=java.prefs/java.util.prefs=ALL-UNNAMED --add-opens=java.base/java.nio.charset=ALL-UNNAMED --add-opens=java.base/java.net=ALL-UNNAMED --add-opens=java.base/java.util.concurrent.atomic=ALL-UNNAMED --add-opens=java.xml/javax.xml.namespace=ALL-UNNAMED -Xmx4096M -Dfile.encoding=UTF-8 -Duser.country=US -Duser.language=en -Duser.variant -javaagent:C:\Users\NhuQuynh\.gradle\wrapper\dists\gradle-8.14.3-bin\cv11ve7ro1n3o1j4so8xd9n66\gradle-8.14.3\lib\agents\gradle-instrumentation-agent-8.14.3.jar 
java_command: org.gradle.launcher.daemon.bootstrap.GradleDaemon 8.14.3
java_class_path (initial): C:\Users\NhuQuynh\.gradle\wrapper\dists\gradle-8.14.3-bin\cv11ve7ro1n3o1j4so8xd9n66\gradle-8.14.3\lib\gradle-daemon-main-8.14.3.jar
Launcher Type: SUN_STANDARD

[Global flags]
     intx CICompilerCount                          = 4                                         {product} {ergonomic}
     uint ConcGCThreads                            = 2                                         {product} {ergonomic}
     uint G1ConcRefinementThreads                  = 8                                         {product} {ergonomic}
   size_t G1HeapRegionSize                         = 2097152                                   {product} {ergonomic}
    uintx GCDrainStackTargetSize                   = 64                                        {product} {ergonomic}
   size_t InitialHeapSize                          = 398458880                                 {product} {ergonomic}
   size_t MarkStackSize                            = 4194304                                   {product} {ergonomic}
   size_t MaxHeapSize                              = 4294967296                                {product} {command line}
   size_t MaxNewSize                               = 2575302656                                {product} {ergonomic}
   size_t MinHeapDeltaBytes                        = 2097152                                   {product} {ergonomic}
   size_t MinHeapSize                              = 8388608                                   {product} {ergonomic}
    uintx NonNMethodCodeHeapSize                   = 5839372                                {pd product} {ergonomic}
    uintx NonProfiledCodeHeapSize                  = 122909434                              {pd product} {ergonomic}
    uintx ProfiledCodeHeapSize                     = 122909434                              {pd product} {ergonomic}
    uintx ReservedCodeCacheSize                    = 251658240                              {pd product} {ergonomic}
     bool SegmentedCodeCache                       = true                                      {product} {ergonomic}
   size_t SoftMaxHeapSize                          = 4294967296                             {manageable} {ergonomic}
     bool UseCompressedClassPointers               = true                           {product lp64_product} {ergonomic}
     bool UseCompressedOops                        = true                           {product lp64_product} {ergonomic}
     bool UseG1GC                                  = true                                      {product} {ergonomic}
     bool UseLargePagesIndividualAllocation        = false                                  {pd product} {ergonomic}

Logging:
Log output configuration:
 #0: stdout all=warning uptime,level,tags
 #1: stderr all=off uptime,level,tags

Environment Variables:
PATH=C:\Python312\Scripts\;C:\Python312\;C:\Program Files (x86)\VMware\VMware Player\bin\;C:\Program Files\Common Files\Oracle\Java\javapath;C:\WINDOWS\system32;C:\WINDOWS;C:\WINDOWS\System32\Wbem;C:\WINDOWS\System32\WindowsPowerShell\v1.0\;C:\WINDOWS\System32\OpenSSH\;C:\Program Files\Java\jdk-17\bin;C:\composer;C:\Program Files (x86)\Dev-Cpp\MinGW64\bin;C:\Users\NhuQuynh\fvm\default\bin;C:\Users\NhuQuynh\AppData\Local\Android\Sdk\platform-tools;C:\msys64\mingw64;C:\Program Files\Git\cmd;C:\ProgramData\chocolatey\bin;C:\Users\NhuQuynh\Downloads\php-8.2.11-nts-Win32-vs16-x64;C:\Users\NhuQuynh\AppData\Roaming\nvm;C:\Program Files\nodejs;C:\Program Files\Cloudflare\Cloudflare WARP\;C:\Program Files\Microsoft SQL Server\Client SDK\ODBC\170\Tools\Binn\;C:\Program Files (x86)\Microsoft SQL Server\150\Tools\Binn\;C:\Program Files\Microsoft SQL Server\150\Tools\Binn\;C:\Program Files\Microsoft SQL Server\150\DTS\Binn\;C:\Program Files\Azure Data Studio\bin;C:\Users\NhuQuynh\AppData\Local\Pub\Cache\bin;C:\Users\NhuQuynh\Program Files\Maven\apache-maven-3.9.9-bin\apache-maven-3.9.9\bin;C:\Users\NhuQuynh\AppData\Roaming\Python\Python312\Scripts;C:\Program Files\MySQL\MySQL Server 8.0\bin;C:\cloudflared;C:\Users\NhuQuynh\AppData\Local\Programs\Python\Python39\Scripts\;C:\Users\YourUserName\AppData\Local\Programs\Python\Python39\;C:\Program Files\Amazon\AWSCLIV2\;C:\Program Files\Tailscale\;C:\Program Files\dotnet\;C:\Program Files\PuTTY\;D:\matlab\bin;;C:\Program Files\Docker\Docker\resources\bin;C:\Users\NhuQuynh\AppData\Local\pnpm;C:\Users\NhuQuynh\.console-ninja\.bin;C:\Users\NhuQuynh\AppData\Local\Programs\Python\Python311\Scripts\;C:\Users\NhuQuynh\AppData\Local\Programs\Python\Python311\;C:\Users\NhuQuynh\AppData\Local\Programs\Python\Launcher\;C:\mingw64\bin;C:\Users\NhuQuynh\AppData\Local\Microsoft\WindowsApps;C:\Users\NhuQuynh\AppData\Roaming\Composer\vendor\bin;C:\tools\dart-sdk\bin;C:\Users\NhuQuynh\AppData\Roaming\Pub\Cache\bin;C:\Users\NhuQuynh\AppData\Local\Programs
USERNAME=NhuQuynh
OS=Windows_NT
PROCESSOR_IDENTIFIER=Intel64 Family 6 Model 140 Stepping 2, GenuineIntel



---------------  S Y S T E M  ---------------

OS:
 Windows 11 , 64 bit Build 26100 (10.0.26100.7309)
OS uptime: 5 days 19:36 hours
Hyper-V role detected

CPU: total 8 (initial active 8) (4 cores per cpu, 2 threads per core) family 6 model 140 stepping 2 microcode 0x16, cx8, cmov, fxsr, ht, mmx, 3dnowpref, sse, sse2, sse3, ssse3, sse4.1, sse4.2, popcnt, lzcnt, tsc, tscinvbit, avx, avx2, aes, erms, clmul, bmi1, bmi2, adx, avx512f, avx512dq, avx512cd, avx512bw, avx512vl, sha, fma, vzeroupper, avx512_vpopcntdq, avx512_vpclmulqdq, avx512_vaes, avx512_vnni, clflush, clflushopt, clwb, avx512_vbmi2, avx512_vbmi, hv

Memory: 4k page, system-wide physical 24278M (2252M free)
TotalPageFile size 32278M (AvailPageFile size 5M)
current process WorkingSet (physical memory assigned to process): 808M, peak: 814M
current process commit charge ("private bytes"): 878M, peak: 887M

vm_info: Java HotSpot(TM) 64-Bit Server VM (17.0.12+8-LTS-286) for windows-amd64 JRE (17.0.12+8-LTS-286), built on Jun  5 2024 06:46:59 by "mach5one" with MS VC++ 17.6 (VS2022)

END.
